{"numFailedTestSuites":0,"numFailedTests":0,"numPassedTestSuites":13,"numPassedTests":1232,"numPendingTestSuites":0,"numPendingTests":0,"numRuntimeErrorTestSuites":0,"numTodoTests":0,"numTotalTestSuites":13,"numTotalTests":1232,"openHandles":[],"snapshot":{"added":0,"didUpdate":false,"failure":false,"filesAdded":0,"filesRemoved":0,"filesRemovedList":[],"filesUnmatched":0,"filesUpdated":0,"matched":0,"total":0,"unchecked":0,"uncheckedKeysByFile":[],"unmatched":0,"updated":0},"startTime":1774766801375,"success":true,"testResults":[{"assertionResults":[{"ancestorTitles":["User warnings controller task batch","EP-289 GET /user-warnings/statistics"],"duration":13,"failing":false,"failureDetails":[],"failureMessages":[],"fullName":"User warnings controller task batch EP-289 GET /user-warnings/statistics EP-289 UTC01 happy path returns Get Statistics payload","invocations":1,"location":null,"numPassingAsserts":3,"retryReasons":[],"startAt":1774766806348,"status":"passed","title":"EP-289 UTC01 happy path returns Get Statistics payload"},{"ancestorTitles":["User warnings controller task batch","EP-289 GET /user-warnings/statistics"],"duration":2,"failing":false,"failureDetails":[],"failureMessages":[],"fullName":"User warnings controller task batch EP-289 GET /user-warnings/statistics EP-289 UTC02 edge case accepts valid variant one","invocations":1,"location":null,"numPassingAsserts":3,"retryReasons":[],"startAt":1774766806362,"status":"passed","title":"EP-289 UTC02 edge case accepts valid variant one"},{"ancestorTitles":["User warnings controller task batch","EP-289 GET /user-warnings/statistics"],"duration":2,"failing":false,"failureDetails":[],"failureMessages":[],"fullName":"User warnings controller task batch EP-289 GET /user-warnings/statistics EP-289 UTC03 edge case accepts valid variant two","invocations":1,"location":null,"numPassingAsserts":3,"retryReasons":[],"startAt":1774766806365,"status":"passed","title":"EP-289 UTC03 edge case accepts valid variant two"},{"ancestorTitles":["User warnings controller task batch","EP-289 GET /user-warnings/statistics"],"duration":51,"failing":false,"failureDetails":[],"failureMessages":[],"fullName":"User warnings controller task batch EP-289 GET /user-warnings/statistics EP-289 UTC04 validation rejects malformed route or DTO input","invocations":1,"location":null,"numPassingAsserts":2,"retryReasons":[],"startAt":1774766806368,"status":"passed","title":"EP-289 UTC04 validation rejects malformed route or DTO input"},{"ancestorTitles":["User warnings controller task batch","EP-289 GET /user-warnings/statistics"],"duration":3,"failing":false,"failureDetails":[],"failureMessages":[],"fullName":"User warnings controller task batch EP-289 GET /user-warnings/statistics EP-289 UTC05 validation propagates not-found flow","invocations":1,"location":null,"numPassingAsserts":2,"retryReasons":[],"startAt":1774766806419,"status":"passed","title":"EP-289 UTC05 validation propagates not-found flow"},{"ancestorTitles":["User warnings controller task batch","EP-289 GET /user-warnings/statistics"],"duration":2,"failing":false,"failureDetails":[],"failureMessages":[],"fullName":"User warnings controller task batch EP-289 GET /user-warnings/statistics EP-289 UTC06 validation propagates service failure","invocations":1,"location":null,"numPassingAsserts":2,"retryReasons":[],"startAt":1774766806423,"status":"passed","title":"EP-289 UTC06 validation propagates service failure"},{"ancestorTitles":["User warnings controller task batch","EP-289 GET /user-warnings/statistics"],"duration":2,"failing":false,"failureDetails":[],"failureMessages":[],"fullName":"User warnings controller task batch EP-289 GET /user-warnings/statistics EP-289 UTC07 security enforces unauthenticated access handling","invocations":1,"location":null,"numPassingAsserts":2,"retryReasons":[],"startAt":1774766806426,"status":"passed","title":"EP-289 UTC07 security enforces unauthenticated access handling"},{"ancestorTitles":["User warnings controller task batch","EP-289 GET /user-warnings/statistics"],"duration":2,"failing":false,"failureDetails":[],"failureMessages":[],"fullName":"User warnings controller task batch EP-289 GET /user-warnings/statistics EP-289 UTC08 security enforces role or public-access posture","invocations":1,"location":null,"numPassingAsserts":2,"retryReasons":[],"startAt":1774766806428,"status":"passed","title":"EP-289 UTC08 security enforces role or public-access posture"},{"ancestorTitles":["User warnings controller task batch","EP-290 GET /user-warnings/flagged-users"],"duration":2,"failing":false,"failureDetails":[],"failureMessages":[],"fullName":"User warnings controller task batch EP-290 GET /user-warnings/flagged-users EP-290 UTC01 happy path returns Get Flagged Users payload","invocations":1,"location":null,"numPassingAsserts":3,"retryReasons":[],"startAt":1774766806430,"status":"passed","title":"EP-290 UTC01 happy path returns Get Flagged Users payload"},{"ancestorTitles":["User warnings controller task batch","EP-290 GET /user-warnings/flagged-users"],"duration":1,"failing":false,"failureDetails":[],"failureMessages":[],"fullName":"User warnings controller task batch EP-290 GET /user-warnings/flagged-users EP-290 UTC02 edge case accepts valid variant one","invocations":1,"location":null,"numPassingAsserts":3,"retryReasons":[],"startAt":1774766806433,"status":"passed","title":"EP-290 UTC02 edge case accepts valid variant one"},{"ancestorTitles":["User warnings controller task batch","EP-290 GET /user-warnings/flagged-users"],"duration":2,"failing":false,"failureDetails":[],"failureMessages":[],"fullName":"User warnings controller task batch EP-290 GET /user-warnings/flagged-users EP-290 UTC03 edge case accepts valid variant two","invocations":1,"location":null,"numPassingAsserts":3,"retryReasons":[],"startAt":1774766806435,"status":"passed","title":"EP-290 UTC03 edge case accepts valid variant two"},{"ancestorTitles":["User warnings controller task batch","EP-290 GET /user-warnings/flagged-users"],"duration":3,"failing":false,"failureDetails":[],"failureMessages":[],"fullName":"User warnings controller task batch EP-290 GET /user-warnings/flagged-users EP-290 UTC04 validation rejects malformed route or DTO input","invocations":1,"location":null,"numPassingAsserts":2,"retryReasons":[],"startAt":1774766806437,"status":"passed","title":"EP-290 UTC04 validation rejects malformed route or DTO input"},{"ancestorTitles":["User warnings controller task batch","EP-290 GET /user-warnings/flagged-users"],"duration":3,"failing":false,"failureDetails":[],"failureMessages":[],"fullName":"User warnings controller task batch EP-290 GET /user-warnings/flagged-users EP-290 UTC05 validation propagates not-found flow","invocations":1,"location":null,"numPassingAsserts":2,"retryReasons":[],"startAt":1774766806440,"status":"passed","title":"EP-290 UTC05 validation propagates not-found flow"},{"ancestorTitles":["User warnings controller task batch","EP-290 GET /user-warnings/flagged-users"],"duration":3,"failing":false,"failureDetails":[],"failureMessages":[],"fullName":"User warnings controller task batch EP-290 GET /user-warnings/flagged-users EP-290 UTC06 validation propagates service failure","invocations":1,"location":null,"numPassingAsserts":2,"retryReasons":[],"startAt":1774766806443,"status":"passed","title":"EP-290 UTC06 validation propagates service failure"},{"ancestorTitles":["User warnings controller task batch","EP-290 GET /user-warnings/flagged-users"],"duration":1,"failing":false,"failureDetails":[],"failureMessages":[],"fullName":"User warnings controller task batch EP-290 GET /user-warnings/flagged-users EP-290 UTC07 security enforces unauthenticated access handling","invocations":1,"location":null,"numPassingAsserts":2,"retryReasons":[],"startAt":1774766806446,"status":"passed","title":"EP-290 UTC07 security enforces unauthenticated access handling"},{"ancestorTitles":["User warnings controller task batch","EP-290 GET /user-warnings/flagged-users"],"duration":0,"failing":false,"failureDetails":[],"failureMessages":[],"fullName":"User warnings controller task batch EP-290 GET /user-warnings/flagged-users EP-290 UTC08 security enforces role or public-access posture","invocations":1,"location":null,"numPassingAsserts":2,"retryReasons":[],"startAt":1774766806448,"status":"passed","title":"EP-290 UTC08 security enforces role or public-access posture"},{"ancestorTitles":["User warnings controller task batch","EP-291 GET /user-warnings/pending-appeals"],"duration":1,"failing":false,"failureDetails":[],"failureMessages":[],"fullName":"User warnings controller task batch EP-291 GET /user-warnings/pending-appeals EP-291 UTC01 happy path returns Get Pending Appeals payload","invocations":1,"location":null,"numPassingAsserts":3,"retryReasons":[],"startAt":1774766806449,"status":"passed","title":"EP-291 UTC01 happy path returns Get Pending Appeals payload"},{"ancestorTitles":["User warnings controller task batch","EP-291 GET /user-warnings/pending-appeals"],"duration":3,"failing":false,"failureDetails":[],"failureMessages":[],"fullName":"User warnings controller task batch EP-291 GET /user-warnings/pending-appeals EP-291 UTC02 edge case accepts valid variant one","invocations":1,"location":null,"numPassingAsserts":3,"retryReasons":[],"startAt":1774766806451,"status":"passed","title":"EP-291 UTC02 edge case accepts valid variant one"},{"ancestorTitles":["User warnings controller task batch","EP-291 GET /user-warnings/pending-appeals"],"duration":2,"failing":false,"failureDetails":[],"failureMessages":[],"fullName":"User warnings controller task batch EP-291 GET /user-warnings/pending-appeals EP-291 UTC03 edge case accepts valid variant two","invocations":1,"location":null,"numPassingAsserts":3,"retryReasons":[],"startAt":1774766806454,"status":"passed","title":"EP-291 UTC03 edge case accepts valid variant two"},{"ancestorTitles":["User warnings controller task batch","EP-291 GET /user-warnings/pending-appeals"],"duration":1,"failing":false,"failureDetails":[],"failureMessages":[],"fullName":"User warnings controller task batch EP-291 GET /user-warnings/pending-appeals EP-291 UTC04 validation rejects malformed route or DTO input","invocations":1,"location":null,"numPassingAsserts":2,"retryReasons":[],"startAt":1774766806456,"status":"passed","title":"EP-291 UTC04 validation rejects malformed route or DTO input"},{"ancestorTitles":["User warnings controller task batch","EP-291 GET /user-warnings/pending-appeals"],"duration":2,"failing":false,"failureDetails":[],"failureMessages":[],"fullName":"User warnings controller task batch EP-291 GET /user-warnings/pending-appeals EP-291 UTC05 validation propagates not-found flow","invocations":1,"location":null,"numPassingAsserts":2,"retryReasons":[],"startAt":1774766806457,"status":"passed","title":"EP-291 UTC05 validation propagates not-found flow"},{"ancestorTitles":["User warnings controller task batch","EP-291 GET /user-warnings/pending-appeals"],"duration":2,"failing":false,"failureDetails":[],"failureMessages":[],"fullName":"User warnings controller task batch EP-291 GET /user-warnings/pending-appeals EP-291 UTC06 validation propagates service failure","invocations":1,"location":null,"numPassingAsserts":2,"retryReasons":[],"startAt":1774766806459,"status":"passed","title":"EP-291 UTC06 validation propagates service failure"},{"ancestorTitles":["User warnings controller task batch","EP-291 GET /user-warnings/pending-appeals"],"duration":1,"failing":false,"failureDetails":[],"failureMessages":[],"fullName":"User warnings controller task batch EP-291 GET /user-warnings/pending-appeals EP-291 UTC07 security enforces unauthenticated access handling","invocations":1,"location":null,"numPassingAsserts":2,"retryReasons":[],"startAt":1774766806461,"status":"passed","title":"EP-291 UTC07 security enforces unauthenticated access handling"},{"ancestorTitles":["User warnings controller task batch","EP-291 GET /user-warnings/pending-appeals"],"duration":0,"failing":false,"failureDetails":[],"failureMessages":[],"fullName":"User warnings controller task batch EP-291 GET /user-warnings/pending-appeals EP-291 UTC08 security enforces role or public-access posture","invocations":1,"location":null,"numPassingAsserts":2,"retryReasons":[],"startAt":1774766806463,"status":"passed","title":"EP-291 UTC08 security enforces role or public-access posture"},{"ancestorTitles":["User warnings controller task batch","EP-292 POST /user-warnings/users/:userId/flags"],"duration":1,"failing":false,"failureDetails":[],"failureMessages":[],"fullName":"User warnings controller task batch EP-292 POST /user-warnings/users/:userId/flags EP-292 UTC01 happy path returns Create Flag payload","invocations":1,"location":null,"numPassingAsserts":3,"retryReasons":[],"startAt":1774766806464,"status":"passed","title":"EP-292 UTC01 happy path returns Create Flag payload"},{"ancestorTitles":["User warnings controller task batch","EP-292 POST /user-warnings/users/:userId/flags"],"duration":1,"failing":false,"failureDetails":[],"failureMessages":[],"fullName":"User warnings controller task batch EP-292 POST /user-warnings/users/:userId/flags EP-292 UTC02 edge case accepts valid variant one","invocations":1,"location":null,"numPassingAsserts":3,"retryReasons":[],"startAt":1774766806465,"status":"passed","title":"EP-292 UTC02 edge case accepts valid variant one"},{"ancestorTitles":["User warnings controller task batch","EP-292 POST /user-warnings/users/:userId/flags"],"duration":1,"failing":false,"failureDetails":[],"failureMessages":[],"fullName":"User warnings controller task batch EP-292 POST /user-warnings/users/:userId/flags EP-292 UTC03 edge case accepts valid variant two","invocations":1,"location":null,"numPassingAsserts":3,"retryReasons":[],"startAt":1774766806467,"status":"passed","title":"EP-292 UTC03 edge case accepts valid variant two"},{"ancestorTitles":["User warnings controller task batch","EP-292 POST /user-warnings/users/:userId/flags"],"duration":7,"failing":false,"failureDetails":[],"failureMessages":[],"fullName":"User warnings controller task batch EP-292 POST /user-warnings/users/:userId/flags EP-292 UTC04 validation rejects malformed route or DTO input","invocations":1,"location":null,"numPassingAsserts":2,"retryReasons":[],"startAt":1774766806468,"status":"passed","title":"EP-292 UTC04 validation rejects malformed route or DTO input"},{"ancestorTitles":["User warnings controller task batch","EP-292 POST /user-warnings/users/:userId/flags"],"duration":2,"failing":false,"failureDetails":[],"failureMessages":[],"fullName":"User warnings controller task batch EP-292 POST /user-warnings/users/:userId/flags EP-292 UTC05 validation propagates not-found flow","invocations":1,"location":null,"numPassingAsserts":2,"retryReasons":[],"startAt":1774766806475,"status":"passed","title":"EP-292 UTC05 validation propagates not-found flow"},{"ancestorTitles":["User warnings controller task batch","EP-292 POST /user-warnings/users/:userId/flags"],"duration":2,"failing":false,"failureDetails":[],"failureMessages":[],"fullName":"User warnings controller task batch EP-292 POST /user-warnings/users/:userId/flags EP-292 UTC06 validation propagates service failure","invocations":1,"location":null,"numPassingAsserts":2,"retryReasons":[],"startAt":1774766806478,"status":"passed","title":"EP-292 UTC06 validation propagates service failure"},{"ancestorTitles":["User warnings controller task batch","EP-292 POST /user-warnings/users/:userId/flags"],"duration":1,"failing":false,"failureDetails":[],"failureMessages":[],"fullName":"User warnings controller task batch EP-292 POST /user-warnings/users/:userId/flags EP-292 UTC07 security enforces unauthenticated access handling","invocations":1,"location":null,"numPassingAsserts":2,"retryReasons":[],"startAt":1774766806480,"status":"passed","title":"EP-292 UTC07 security enforces unauthenticated access handling"},{"ancestorTitles":["User warnings controller task batch","EP-292 POST /user-warnings/users/:userId/flags"],"duration":2,"failing":false,"failureDetails":[],"failureMessages":[],"fullName":"User warnings controller task batch EP-292 POST /user-warnings/users/:userId/flags EP-292 UTC08 security enforces role or public-access posture","invocations":1,"location":null,"numPassingAsserts":2,"retryReasons":[],"startAt":1774766806481,"status":"passed","title":"EP-292 UTC08 security enforces role or public-access posture"},{"ancestorTitles":["User warnings controller task batch","EP-293 PUT /user-warnings/flags/:flagId"],"duration":1,"failing":false,"failureDetails":[],"failureMessages":[],"fullName":"User warnings controller task batch EP-293 PUT /user-warnings/flags/:flagId EP-293 UTC01 happy path returns Update Flag payload","invocations":1,"location":null,"numPassingAsserts":3,"retryReasons":[],"startAt":1774766806484,"status":"passed","title":"EP-293 UTC01 happy path returns Update Flag payload"},{"ancestorTitles":["User warnings controller task batch","EP-293 PUT /user-warnings/flags/:flagId"],"duration":2,"failing":false,"failureDetails":[],"failureMessages":[],"fullName":"User warnings controller task batch EP-293 PUT /user-warnings/flags/:flagId EP-293 UTC02 edge case accepts valid variant one","invocations":1,"location":null,"numPassingAsserts":3,"retryReasons":[],"startAt":1774766806485,"status":"passed","title":"EP-293 UTC02 edge case accepts valid variant one"},{"ancestorTitles":["User warnings controller task batch","EP-293 PUT /user-warnings/flags/:flagId"],"duration":1,"failing":false,"failureDetails":[],"failureMessages":[],"fullName":"User warnings controller task batch EP-293 PUT /user-warnings/flags/:flagId EP-293 UTC03 edge case accepts valid variant two","invocations":1,"location":null,"numPassingAsserts":3,"retryReasons":[],"startAt":1774766806487,"status":"passed","title":"EP-293 UTC03 edge case accepts valid variant two"},{"ancestorTitles":["User warnings controller task batch","EP-293 PUT /user-warnings/flags/:flagId"],"duration":2,"failing":false,"failureDetails":[],"failureMessages":[],"fullName":"User warnings controller task batch EP-293 PUT /user-warnings/flags/:flagId EP-293 UTC04 validation rejects malformed route or DTO input","invocations":1,"location":null,"numPassingAsserts":2,"retryReasons":[],"startAt":1774766806488,"status":"passed","title":"EP-293 UTC04 validation rejects malformed route or DTO input"},{"ancestorTitles":["User warnings controller task batch","EP-293 PUT /user-warnings/flags/:flagId"],"duration":2,"failing":false,"failureDetails":[],"failureMessages":[],"fullName":"User warnings controller task batch EP-293 PUT /user-warnings/flags/:flagId EP-293 UTC05 validation propagates not-found flow","invocations":1,"location":null,"numPassingAsserts":2,"retryReasons":[],"startAt":1774766806490,"status":"passed","title":"EP-293 UTC05 validation propagates not-found flow"},{"ancestorTitles":["User warnings controller task batch","EP-293 PUT /user-warnings/flags/:flagId"],"duration":2,"failing":false,"failureDetails":[],"failureMessages":[],"fullName":"User warnings controller task batch EP-293 PUT /user-warnings/flags/:flagId EP-293 UTC06 validation propagates service failure","invocations":1,"location":null,"numPassingAsserts":2,"retryReasons":[],"startAt":1774766806492,"status":"passed","title":"EP-293 UTC06 validation propagates service failure"},{"ancestorTitles":["User warnings controller task batch","EP-293 PUT /user-warnings/flags/:flagId"],"duration":1,"failing":false,"failureDetails":[],"failureMessages":[],"fullName":"User warnings controller task batch EP-293 PUT /user-warnings/flags/:flagId EP-293 UTC07 security enforces unauthenticated access handling","invocations":1,"location":null,"numPassingAsserts":2,"retryReasons":[],"startAt":1774766806494,"status":"passed","title":"EP-293 UTC07 security enforces unauthenticated access handling"},{"ancestorTitles":["User warnings controller task batch","EP-293 PUT /user-warnings/flags/:flagId"],"duration":1,"failing":false,"failureDetails":[],"failureMessages":[],"fullName":"User warnings controller task batch EP-293 PUT /user-warnings/flags/:flagId EP-293 UTC08 security enforces role or public-access posture","invocations":1,"location":null,"numPassingAsserts":2,"retryReasons":[],"startAt":1774766806495,"status":"passed","title":"EP-293 UTC08 security enforces role or public-access posture"},{"ancestorTitles":["User warnings controller task batch","EP-294 PUT /user-warnings/flags/:flagId/resolve-appeal"],"duration":1,"failing":false,"failureDetails":[],"failureMessages":[],"fullName":"User warnings controller task batch EP-294 PUT /user-warnings/flags/:flagId/resolve-appeal EP-294 UTC01 happy path returns Resolve Appeal payload","invocations":1,"location":null,"numPassingAsserts":3,"retryReasons":[],"startAt":1774766806496,"status":"passed","title":"EP-294 UTC01 happy path returns Resolve Appeal payload"},{"ancestorTitles":["User warnings controller task batch","EP-294 PUT /user-warnings/flags/:flagId/resolve-appeal"],"duration":1,"failing":false,"failureDetails":[],"failureMessages":[],"fullName":"User warnings controller task batch EP-294 PUT /user-warnings/flags/:flagId/resolve-appeal EP-294 UTC02 edge case accepts valid variant one","invocations":1,"location":null,"numPassingAsserts":3,"retryReasons":[],"startAt":1774766806497,"status":"passed","title":"EP-294 UTC02 edge case accepts valid variant one"},{"ancestorTitles":["User warnings controller task batch","EP-294 PUT /user-warnings/flags/:flagId/resolve-appeal"],"duration":0,"failing":false,"failureDetails":[],"failureMessages":[],"fullName":"User warnings controller task batch EP-294 PUT /user-warnings/flags/:flagId/resolve-appeal EP-294 UTC03 edge case accepts valid variant two","invocations":1,"location":null,"numPassingAsserts":3,"retryReasons":[],"startAt":1774766806499,"status":"passed","title":"EP-294 UTC03 edge case accepts valid variant two"},{"ancestorTitles":["User warnings controller task batch","EP-294 PUT /user-warnings/flags/:flagId/resolve-appeal"],"duration":1,"failing":false,"failureDetails":[],"failureMessages":[],"fullName":"User warnings controller task batch EP-294 PUT /user-warnings/flags/:flagId/resolve-appeal EP-294 UTC04 validation rejects malformed route or DTO input","invocations":1,"location":null,"numPassingAsserts":2,"retryReasons":[],"startAt":1774766806500,"status":"passed","title":"EP-294 UTC04 validation rejects malformed route or DTO input"},{"ancestorTitles":["User warnings controller task batch","EP-294 PUT /user-warnings/flags/:flagId/resolve-appeal"],"duration":1,"failing":false,"failureDetails":[],"failureMessages":[],"fullName":"User warnings controller task batch EP-294 PUT /user-warnings/flags/:flagId/resolve-appeal EP-294 UTC05 validation propagates not-found flow","invocations":1,"location":null,"numPassingAsserts":2,"retryReasons":[],"startAt":1774766806502,"status":"passed","title":"EP-294 UTC05 validation propagates not-found flow"},{"ancestorTitles":["User warnings controller task batch","EP-294 PUT /user-warnings/flags/:flagId/resolve-appeal"],"duration":2,"failing":false,"failureDetails":[],"failureMessages":[],"fullName":"User warnings controller task batch EP-294 PUT /user-warnings/flags/:flagId/resolve-appeal EP-294 UTC06 validation propagates service failure","invocations":1,"location":null,"numPassingAsserts":2,"retryReasons":[],"startAt":1774766806503,"status":"passed","title":"EP-294 UTC06 validation propagates service failure"},{"ancestorTitles":["User warnings controller task batch","EP-294 PUT /user-warnings/flags/:flagId/resolve-appeal"],"duration":1,"failing":false,"failureDetails":[],"failureMessages":[],"fullName":"User warnings controller task batch EP-294 PUT /user-warnings/flags/:flagId/resolve-appeal EP-294 UTC07 security enforces unauthenticated access handling","invocations":1,"location":null,"numPassingAsserts":2,"retryReasons":[],"startAt":1774766806505,"status":"passed","title":"EP-294 UTC07 security enforces unauthenticated access handling"},{"ancestorTitles":["User warnings controller task batch","EP-294 PUT /user-warnings/flags/:flagId/resolve-appeal"],"duration":1,"failing":false,"failureDetails":[],"failureMessages":[],"fullName":"User warnings controller task batch EP-294 PUT /user-warnings/flags/:flagId/resolve-appeal EP-294 UTC08 security enforces role or public-access posture","invocations":1,"location":null,"numPassingAsserts":2,"retryReasons":[],"startAt":1774766806506,"status":"passed","title":"EP-294 UTC08 security enforces role or public-access posture"},{"ancestorTitles":["User warnings controller task batch","EP-295 GET /user-warnings/my-flags"],"duration":2,"failing":false,"failureDetails":[],"failureMessages":[],"fullName":"User warnings controller task batch EP-295 GET /user-warnings/my-flags EP-295 UTC01 happy path returns Get My Flags payload","invocations":1,"location":null,"numPassingAsserts":3,"retryReasons":[],"startAt":1774766806507,"status":"passed","title":"EP-295 UTC01 happy path returns Get My Flags payload"},{"ancestorTitles":["User warnings controller task batch","EP-295 GET /user-warnings/my-flags"],"duration":1,"failing":false,"failureDetails":[],"failureMessages":[],"fullName":"User warnings controller task batch EP-295 GET /user-warnings/my-flags EP-295 UTC02 edge case accepts valid variant one","invocations":1,"location":null,"numPassingAsserts":3,"retryReasons":[],"startAt":1774766806509,"status":"passed","title":"EP-295 UTC02 edge case accepts valid variant one"},{"ancestorTitles":["User warnings controller task batch","EP-295 GET /user-warnings/my-flags"],"duration":1,"failing":false,"failureDetails":[],"failureMessages":[],"fullName":"User warnings controller task batch EP-295 GET /user-warnings/my-flags EP-295 UTC03 edge case accepts valid variant two","invocations":1,"location":null,"numPassingAsserts":3,"retryReasons":[],"startAt":1774766806510,"status":"passed","title":"EP-295 UTC03 edge case accepts valid variant two"},{"ancestorTitles":["User warnings controller task batch","EP-295 GET /user-warnings/my-flags"],"duration":3,"failing":false,"failureDetails":[],"failureMessages":[],"fullName":"User warnings controller task batch EP-295 GET /user-warnings/my-flags EP-295 UTC04 validation rejects malformed route or DTO input","invocations":1,"location":null,"numPassingAsserts":2,"retryReasons":[],"startAt":1774766806511,"status":"passed","title":"EP-295 UTC04 validation rejects malformed route or DTO input"},{"ancestorTitles":["User warnings controller task batch","EP-295 GET /user-warnings/my-flags"],"duration":2,"failing":false,"failureDetails":[],"failureMessages":[],"fullName":"User warnings controller task batch EP-295 GET /user-warnings/my-flags EP-295 UTC05 validation propagates not-found flow","invocations":1,"location":null,"numPassingAsserts":2,"retryReasons":[],"startAt":1774766806514,"status":"passed","title":"EP-295 UTC05 validation propagates not-found flow"},{"ancestorTitles":["User warnings controller task batch","EP-295 GET /user-warnings/my-flags"],"duration":1,"failing":false,"failureDetails":[],"failureMessages":[],"fullName":"User warnings controller task batch EP-295 GET /user-warnings/my-flags EP-295 UTC06 validation propagates service failure","invocations":1,"location":null,"numPassingAsserts":2,"retryReasons":[],"startAt":1774766806516,"status":"passed","title":"EP-295 UTC06 validation propagates service failure"},{"ancestorTitles":["User warnings controller task batch","EP-295 GET /user-warnings/my-flags"],"duration":1,"failing":false,"failureDetails":[],"failureMessages":[],"fullName":"User warnings controller task batch EP-295 GET /user-warnings/my-flags EP-295 UTC07 security enforces unauthenticated access handling","invocations":1,"location":null,"numPassingAsserts":2,"retryReasons":[],"startAt":1774766806517,"status":"passed","title":"EP-295 UTC07 security enforces unauthenticated access handling"},{"ancestorTitles":["User warnings controller task batch","EP-295 GET /user-warnings/my-flags"],"duration":0,"failing":false,"failureDetails":[],"failureMessages":[],"fullName":"User warnings controller task batch EP-295 GET /user-warnings/my-flags EP-295 UTC08 security enforces role or public-access posture","invocations":1,"location":null,"numPassingAsserts":2,"retryReasons":[],"startAt":1774766806519,"status":"passed","title":"EP-295 UTC08 security enforces role or public-access posture"},{"ancestorTitles":["User warnings controller task batch","EP-296 POST /user-warnings/flags/:flagId/appeal"],"duration":2,"failing":false,"failureDetails":[],"failureMessages":[],"fullName":"User warnings controller task batch EP-296 POST /user-warnings/flags/:flagId/appeal EP-296 UTC01 happy path returns Appeal Flag payload","invocations":1,"location":null,"numPassingAsserts":3,"retryReasons":[],"startAt":1774766806519,"status":"passed","title":"EP-296 UTC01 happy path returns Appeal Flag payload"},{"ancestorTitles":["User warnings controller task batch","EP-296 POST /user-warnings/flags/:flagId/appeal"],"duration":1,"failing":false,"failureDetails":[],"failureMessages":[],"fullName":"User warnings controller task batch EP-296 POST /user-warnings/flags/:flagId/appeal EP-296 UTC02 edge case accepts valid variant one","invocations":1,"location":null,"numPassingAsserts":3,"retryReasons":[],"startAt":1774766806521,"status":"passed","title":"EP-296 UTC02 edge case accepts valid variant one"},{"ancestorTitles":["User warnings controller task batch","EP-296 POST /user-warnings/flags/:flagId/appeal"],"duration":1,"failing":false,"failureDetails":[],"failureMessages":[],"fullName":"User warnings controller task batch EP-296 POST /user-warnings/flags/:flagId/appeal EP-296 UTC03 edge case accepts valid variant two","invocations":1,"location":null,"numPassingAsserts":3,"retryReasons":[],"startAt":1774766806522,"status":"passed","title":"EP-296 UTC03 edge case accepts valid variant two"},{"ancestorTitles":["User warnings controller task batch","EP-296 POST /user-warnings/flags/:flagId/appeal"],"duration":1,"failing":false,"failureDetails":[],"failureMessages":[],"fullName":"User warnings controller task batch EP-296 POST /user-warnings/flags/:flagId/appeal EP-296 UTC04 validation rejects malformed route or DTO input","invocations":1,"location":null,"numPassingAsserts":2,"retryReasons":[],"startAt":1774766806523,"status":"passed","title":"EP-296 UTC04 validation rejects malformed route or DTO input"},{"ancestorTitles":["User warnings controller task batch","EP-296 POST /user-warnings/flags/:flagId/appeal"],"duration":1,"failing":false,"failureDetails":[],"failureMessages":[],"fullName":"User warnings controller task batch EP-296 POST /user-warnings/flags/:flagId/appeal EP-296 UTC05 validation propagates not-found flow","invocations":1,"location":null,"numPassingAsserts":2,"retryReasons":[],"startAt":1774766806525,"status":"passed","title":"EP-296 UTC05 validation propagates not-found flow"},{"ancestorTitles":["User warnings controller task batch","EP-296 POST /user-warnings/flags/:flagId/appeal"],"duration":2,"failing":false,"failureDetails":[],"failureMessages":[],"fullName":"User warnings controller task batch EP-296 POST /user-warnings/flags/:flagId/appeal EP-296 UTC06 validation propagates service failure","invocations":1,"location":null,"numPassingAsserts":2,"retryReasons":[],"startAt":1774766806526,"status":"passed","title":"EP-296 UTC06 validation propagates service failure"},{"ancestorTitles":["User warnings controller task batch","EP-296 POST /user-warnings/flags/:flagId/appeal"],"duration":3,"failing":false,"failureDetails":[],"failureMessages":[],"fullName":"User warnings controller task batch EP-296 POST /user-warnings/flags/:flagId/appeal EP-296 UTC07 security enforces unauthenticated access handling","invocations":1,"location":null,"numPassingAsserts":2,"retryReasons":[],"startAt":1774766806528,"status":"passed","title":"EP-296 UTC07 security enforces unauthenticated access handling"},{"ancestorTitles":["User warnings controller task batch","EP-296 POST /user-warnings/flags/:flagId/appeal"],"duration":0,"failing":false,"failureDetails":[],"failureMessages":[],"fullName":"User warnings controller task batch EP-296 POST /user-warnings/flags/:flagId/appeal EP-296 UTC08 security enforces role or public-access posture","invocations":1,"location":null,"numPassingAsserts":2,"retryReasons":[],"startAt":1774766806532,"status":"passed","title":"EP-296 UTC08 security enforces role or public-access posture"},{"ancestorTitles":["User warnings controller task batch","EP-297 GET /user-warnings/users/:userId/flags"],"duration":2,"failing":false,"failureDetails":[],"failureMessages":[],"fullName":"User warnings controller task batch EP-297 GET /user-warnings/users/:userId/flags EP-297 UTC01 happy path returns Get User Flags payload","invocations":1,"location":null,"numPassingAsserts":3,"retryReasons":[],"startAt":1774766806533,"status":"passed","title":"EP-297 UTC01 happy path returns Get User Flags payload"},{"ancestorTitles":["User warnings controller task batch","EP-297 GET /user-warnings/users/:userId/flags"],"duration":1,"failing":false,"failureDetails":[],"failureMessages":[],"fullName":"User warnings controller task batch EP-297 GET /user-warnings/users/:userId/flags EP-297 UTC02 edge case accepts valid variant one","invocations":1,"location":null,"numPassingAsserts":3,"retryReasons":[],"startAt":1774766806535,"status":"passed","title":"EP-297 UTC02 edge case accepts valid variant one"},{"ancestorTitles":["User warnings controller task batch","EP-297 GET /user-warnings/users/:userId/flags"],"duration":1,"failing":false,"failureDetails":[],"failureMessages":[],"fullName":"User warnings controller task batch EP-297 GET /user-warnings/users/:userId/flags EP-297 UTC03 edge case accepts valid variant two","invocations":1,"location":null,"numPassingAsserts":3,"retryReasons":[],"startAt":1774766806536,"status":"passed","title":"EP-297 UTC03 edge case accepts valid variant two"},{"ancestorTitles":["User warnings controller task batch","EP-297 GET /user-warnings/users/:userId/flags"],"duration":1,"failing":false,"failureDetails":[],"failureMessages":[],"fullName":"User warnings controller task batch EP-297 GET /user-warnings/users/:userId/flags EP-297 UTC04 validation rejects malformed route or DTO input","invocations":1,"location":null,"numPassingAsserts":2,"retryReasons":[],"startAt":1774766806537,"status":"passed","title":"EP-297 UTC04 validation rejects malformed route or DTO input"},{"ancestorTitles":["User warnings controller task batch","EP-297 GET /user-warnings/users/:userId/flags"],"duration":1,"failing":false,"failureDetails":[],"failureMessages":[],"fullName":"User warnings controller task batch EP-297 GET /user-warnings/users/:userId/flags EP-297 UTC05 validation propagates not-found flow","invocations":1,"location":null,"numPassingAsserts":2,"retryReasons":[],"startAt":1774766806539,"status":"passed","title":"EP-297 UTC05 validation propagates not-found flow"},{"ancestorTitles":["User warnings controller task batch","EP-297 GET /user-warnings/users/:userId/flags"],"duration":2,"failing":false,"failureDetails":[],"failureMessages":[],"fullName":"User warnings controller task batch EP-297 GET /user-warnings/users/:userId/flags EP-297 UTC06 validation propagates service failure","invocations":1,"location":null,"numPassingAsserts":2,"retryReasons":[],"startAt":1774766806540,"status":"passed","title":"EP-297 UTC06 validation propagates service failure"},{"ancestorTitles":["User warnings controller task batch","EP-297 GET /user-warnings/users/:userId/flags"],"duration":1,"failing":false,"failureDetails":[],"failureMessages":[],"fullName":"User warnings controller task batch EP-297 GET /user-warnings/users/:userId/flags EP-297 UTC07 security enforces unauthenticated access handling","invocations":1,"location":null,"numPassingAsserts":2,"retryReasons":[],"startAt":1774766806542,"status":"passed","title":"EP-297 UTC07 security enforces unauthenticated access handling"},{"ancestorTitles":["User warnings controller task batch","EP-297 GET /user-warnings/users/:userId/flags"],"duration":1,"failing":false,"failureDetails":[],"failureMessages":[],"fullName":"User warnings controller task batch EP-297 GET /user-warnings/users/:userId/flags EP-297 UTC08 security enforces role or public-access posture","invocations":1,"location":null,"numPassingAsserts":2,"retryReasons":[],"startAt":1774766806543,"status":"passed","title":"EP-297 UTC08 security enforces role or public-access posture"},{"ancestorTitles":["User warnings controller task batch","EP-298 GET /user-warnings/users/:userId/warning-status"],"duration":1,"failing":false,"failureDetails":[],"failureMessages":[],"fullName":"User warnings controller task batch EP-298 GET /user-warnings/users/:userId/warning-status EP-298 UTC01 happy path returns Get Warning Status payload","invocations":1,"location":null,"numPassingAsserts":3,"retryReasons":[],"startAt":1774766806544,"status":"passed","title":"EP-298 UTC01 happy path returns Get Warning Status payload"},{"ancestorTitles":["User warnings controller task batch","EP-298 GET /user-warnings/users/:userId/warning-status"],"duration":1,"failing":false,"failureDetails":[],"failureMessages":[],"fullName":"User warnings controller task batch EP-298 GET /user-warnings/users/:userId/warning-status EP-298 UTC02 edge case accepts valid variant one","invocations":1,"location":null,"numPassingAsserts":3,"retryReasons":[],"startAt":1774766806546,"status":"passed","title":"EP-298 UTC02 edge case accepts valid variant one"},{"ancestorTitles":["User warnings controller task batch","EP-298 GET /user-warnings/users/:userId/warning-status"],"duration":1,"failing":false,"failureDetails":[],"failureMessages":[],"fullName":"User warnings controller task batch EP-298 GET /user-warnings/users/:userId/warning-status EP-298 UTC03 edge case accepts valid variant two","invocations":1,"location":null,"numPassingAsserts":3,"retryReasons":[],"startAt":1774766806547,"status":"passed","title":"EP-298 UTC03 edge case accepts valid variant two"},{"ancestorTitles":["User warnings controller task batch","EP-298 GET /user-warnings/users/:userId/warning-status"],"duration":1,"failing":false,"failureDetails":[],"failureMessages":[],"fullName":"User warnings controller task batch EP-298 GET /user-warnings/users/:userId/warning-status EP-298 UTC04 validation rejects malformed route or DTO input","invocations":1,"location":null,"numPassingAsserts":2,"retryReasons":[],"startAt":1774766806548,"status":"passed","title":"EP-298 UTC04 validation rejects malformed route or DTO input"},{"ancestorTitles":["User warnings controller task batch","EP-298 GET /user-warnings/users/:userId/warning-status"],"duration":1,"failing":false,"failureDetails":[],"failureMessages":[],"fullName":"User warnings controller task batch EP-298 GET /user-warnings/users/:userId/warning-status EP-298 UTC05 validation propagates not-found flow","invocations":1,"location":null,"numPassingAsserts":2,"retryReasons":[],"startAt":1774766806550,"status":"passed","title":"EP-298 UTC05 validation propagates not-found flow"},{"ancestorTitles":["User warnings controller task batch","EP-298 GET /user-warnings/users/:userId/warning-status"],"duration":2,"failing":false,"failureDetails":[],"failureMessages":[],"fullName":"User warnings controller task batch EP-298 GET /user-warnings/users/:userId/warning-status EP-298 UTC06 validation propagates service failure","invocations":1,"location":null,"numPassingAsserts":2,"retryReasons":[],"startAt":1774766806551,"status":"passed","title":"EP-298 UTC06 validation propagates service failure"},{"ancestorTitles":["User warnings controller task batch","EP-298 GET /user-warnings/users/:userId/warning-status"],"duration":1,"failing":false,"failureDetails":[],"failureMessages":[],"fullName":"User warnings controller task batch EP-298 GET /user-warnings/users/:userId/warning-status EP-298 UTC07 security enforces unauthenticated access handling","invocations":1,"location":null,"numPassingAsserts":2,"retryReasons":[],"startAt":1774766806553,"status":"passed","title":"EP-298 UTC07 security enforces unauthenticated access handling"},{"ancestorTitles":["User warnings controller task batch","EP-298 GET /user-warnings/users/:userId/warning-status"],"duration":1,"failing":false,"failureDetails":[],"failureMessages":[],"fullName":"User warnings controller task batch EP-298 GET /user-warnings/users/:userId/warning-status EP-298 UTC08 security enforces role or public-access posture","invocations":1,"location":null,"numPassingAsserts":2,"retryReasons":[],"startAt":1774766806554,"status":"passed","title":"EP-298 UTC08 security enforces role or public-access posture"},{"ancestorTitles":["User warnings controller task batch","EP-299 POST /user-warnings/users/:userId/check-performance"],"duration":1,"failing":false,"failureDetails":[],"failureMessages":[],"fullName":"User warnings controller task batch EP-299 POST /user-warnings/users/:userId/check-performance EP-299 UTC01 happy path returns Check Performance Flags payload","invocations":1,"location":null,"numPassingAsserts":3,"retryReasons":[],"startAt":1774766806555,"status":"passed","title":"EP-299 UTC01 happy path returns Check Performance Flags payload"},{"ancestorTitles":["User warnings controller task batch","EP-299 POST /user-warnings/users/:userId/check-performance"],"duration":0,"failing":false,"failureDetails":[],"failureMessages":[],"fullName":"User warnings controller task batch EP-299 POST /user-warnings/users/:userId/check-performance EP-299 UTC02 edge case accepts valid variant one","invocations":1,"location":null,"numPassingAsserts":3,"retryReasons":[],"startAt":1774766806557,"status":"passed","title":"EP-299 UTC02 edge case accepts valid variant one"},{"ancestorTitles":["User warnings controller task batch","EP-299 POST /user-warnings/users/:userId/check-performance"],"duration":0,"failing":false,"failureDetails":[],"failureMessages":[],"fullName":"User warnings controller task batch EP-299 POST /user-warnings/users/:userId/check-performance EP-299 UTC03 edge case accepts valid variant two","invocations":1,"location":null,"numPassingAsserts":3,"retryReasons":[],"startAt":1774766806558,"status":"passed","title":"EP-299 UTC03 edge case accepts valid variant two"},{"ancestorTitles":["User warnings controller task batch","EP-299 POST /user-warnings/users/:userId/check-performance"],"duration":1,"failing":false,"failureDetails":[],"failureMessages":[],"fullName":"User warnings controller task batch EP-299 POST /user-warnings/users/:userId/check-performance EP-299 UTC04 validation rejects malformed route or DTO input","invocations":1,"location":null,"numPassingAsserts":2,"retryReasons":[],"startAt":1774766806559,"status":"passed","title":"EP-299 UTC04 validation rejects malformed route or DTO input"},{"ancestorTitles":["User warnings controller task batch","EP-299 POST /user-warnings/users/:userId/check-performance"],"duration":2,"failing":false,"failureDetails":[],"failureMessages":[],"fullName":"User warnings controller task batch EP-299 POST /user-warnings/users/:userId/check-performance EP-299 UTC05 validation propagates not-found flow","invocations":1,"location":null,"numPassingAsserts":2,"retryReasons":[],"startAt":1774766806560,"status":"passed","title":"EP-299 UTC05 validation propagates not-found flow"},{"ancestorTitles":["User warnings controller task batch","EP-299 POST /user-warnings/users/:userId/check-performance"],"duration":2,"failing":false,"failureDetails":[],"failureMessages":[],"fullName":"User warnings controller task batch EP-299 POST /user-warnings/users/:userId/check-performance EP-299 UTC06 validation propagates service failure","invocations":1,"location":null,"numPassingAsserts":2,"retryReasons":[],"startAt":1774766806562,"status":"passed","title":"EP-299 UTC06 validation propagates service failure"},{"ancestorTitles":["User warnings controller task batch","EP-299 POST /user-warnings/users/:userId/check-performance"],"duration":0,"failing":false,"failureDetails":[],"failureMessages":[],"fullName":"User warnings controller task batch EP-299 POST /user-warnings/users/:userId/check-performance EP-299 UTC07 security enforces unauthenticated access handling","invocations":1,"location":null,"numPassingAsserts":2,"retryReasons":[],"startAt":1774766806564,"status":"passed","title":"EP-299 UTC07 security enforces unauthenticated access handling"},{"ancestorTitles":["User warnings controller task batch","EP-299 POST /user-warnings/users/:userId/check-performance"],"duration":0,"failing":false,"failureDetails":[],"failureMessages":[],"fullName":"User warnings controller task batch EP-299 POST /user-warnings/users/:userId/check-performance EP-299 UTC08 security enforces role or public-access posture","invocations":1,"location":null,"numPassingAsserts":2,"retryReasons":[],"startAt":1774766806565,"status":"passed","title":"EP-299 UTC08 security enforces role or public-access posture"},{"ancestorTitles":["User warnings controller task batch","EP-300 POST /user-warnings/expire-old-flags"],"duration":1,"failing":false,"failureDetails":[],"failureMessages":[],"fullName":"User warnings controller task batch EP-300 POST /user-warnings/expire-old-flags EP-300 UTC01 happy path returns Expire Old Flags payload","invocations":1,"location":null,"numPassingAsserts":3,"retryReasons":[],"startAt":1774766806566,"status":"passed","title":"EP-300 UTC01 happy path returns Expire Old Flags payload"},{"ancestorTitles":["User warnings controller task batch","EP-300 POST /user-warnings/expire-old-flags"],"duration":1,"failing":false,"failureDetails":[],"failureMessages":[],"fullName":"User warnings controller task batch EP-300 POST /user-warnings/expire-old-flags EP-300 UTC02 edge case accepts valid variant one","invocations":1,"location":null,"numPassingAsserts":3,"retryReasons":[],"startAt":1774766806567,"status":"passed","title":"EP-300 UTC02 edge case accepts valid variant one"},{"ancestorTitles":["User warnings controller task batch","EP-300 POST /user-warnings/expire-old-flags"],"duration":1,"failing":false,"failureDetails":[],"failureMessages":[],"fullName":"User warnings controller task batch EP-300 POST /user-warnings/expire-old-flags EP-300 UTC03 edge case accepts valid variant two","invocations":1,"location":null,"numPassingAsserts":3,"retryReasons":[],"startAt":1774766806568,"status":"passed","title":"EP-300 UTC03 edge case accepts valid variant two"},{"ancestorTitles":["User warnings controller task batch","EP-300 POST /user-warnings/expire-old-flags"],"duration":1,"failing":false,"failureDetails":[],"failureMessages":[],"fullName":"User warnings controller task batch EP-300 POST /user-warnings/expire-old-flags EP-300 UTC04 validation rejects malformed route or DTO input","invocations":1,"location":null,"numPassingAsserts":2,"retryReasons":[],"startAt":1774766806569,"status":"passed","title":"EP-300 UTC04 validation rejects malformed route or DTO input"},{"ancestorTitles":["User warnings controller task batch","EP-300 POST /user-warnings/expire-old-flags"],"duration":1,"failing":false,"failureDetails":[],"failureMessages":[],"fullName":"User warnings controller task batch EP-300 POST /user-warnings/expire-old-flags EP-300 UTC05 validation propagates not-found flow","invocations":1,"location":null,"numPassingAsserts":2,"retryReasons":[],"startAt":1774766806571,"status":"passed","title":"EP-300 UTC05 validation propagates not-found flow"},{"ancestorTitles":["User warnings controller task batch","EP-300 POST /user-warnings/expire-old-flags"],"duration":2,"failing":false,"failureDetails":[],"failureMessages":[],"fullName":"User warnings controller task batch EP-300 POST /user-warnings/expire-old-flags EP-300 UTC06 validation propagates service failure","invocations":1,"location":null,"numPassingAsserts":2,"retryReasons":[],"startAt":1774766806572,"status":"passed","title":"EP-300 UTC06 validation propagates service failure"},{"ancestorTitles":["User warnings controller task batch","EP-300 POST /user-warnings/expire-old-flags"],"duration":0,"failing":false,"failureDetails":[],"failureMessages":[],"fullName":"User warnings controller task batch EP-300 POST /user-warnings/expire-old-flags EP-300 UTC07 security enforces unauthenticated access handling","invocations":1,"location":null,"numPassingAsserts":2,"retryReasons":[],"startAt":1774766806574,"status":"passed","title":"EP-300 UTC07 security enforces unauthenticated access handling"},{"ancestorTitles":["User warnings controller task batch","EP-300 POST /user-warnings/expire-old-flags"],"duration":0,"failing":false,"failureDetails":[],"failureMessages":[],"fullName":"User warnings controller task batch EP-300 POST /user-warnings/expire-old-flags EP-300 UTC08 security enforces role or public-access posture","invocations":1,"location":null,"numPassingAsserts":2,"retryReasons":[],"startAt":1774766806575,"status":"passed","title":"EP-300 UTC08 security enforces role or public-access posture"}],"endTime":1774766806582,"message":"","name":"D:\\Đồ án\\InterDev\\server\\src\\agent-unit-tests\\controller_task_full_batch_01\\user-warnings.batch.spec.ts","startTime":1774766801695,"status":"passed","summary":""},{"assertionResults":[{"ancestorTitles":["Disputes cluster batch - main controller","EP-053 POST /disputes"],"duration":7,"failing":false,"failureDetails":[],"failureMessages":[],"fullName":"Disputes cluster batch - main controller EP-053 POST /disputes EP-053 UTC01 happy path returns Create Disputes payload","invocations":1,"location":null,"numPassingAsserts":4,"retryReasons":[],"startAt":1774766809634,"status":"passed","title":"EP-053 UTC01 happy path returns Create Disputes payload"},{"ancestorTitles":["Disputes cluster batch - main controller","EP-053 POST /disputes"],"duration":1,"failing":false,"failureDetails":[],"failureMessages":[],"fullName":"Disputes cluster batch - main controller EP-053 POST /disputes EP-053 UTC02 edge case accepts valid variant one","invocations":1,"location":null,"numPassingAsserts":4,"retryReasons":[],"startAt":1774766809642,"status":"passed","title":"EP-053 UTC02 edge case accepts valid variant one"},{"ancestorTitles":["Disputes cluster batch - main controller","EP-053 POST /disputes"],"duration":2,"failing":false,"failureDetails":[],"failureMessages":[],"fullName":"Disputes cluster batch - main controller EP-053 POST /disputes EP-053 UTC03 edge case accepts valid variant two","invocations":1,"location":null,"numPassingAsserts":4,"retryReasons":[],"startAt":1774766809644,"status":"passed","title":"EP-053 UTC03 edge case accepts valid variant two"},{"ancestorTitles":["Disputes cluster batch - main controller","EP-053 POST /disputes"],"duration":68,"failing":false,"failureDetails":[],"failureMessages":[],"fullName":"Disputes cluster batch - main controller EP-053 POST /disputes EP-053 UTC04 validation handles malformed input","invocations":1,"location":null,"numPassingAsserts":2,"retryReasons":[],"startAt":1774766809646,"status":"passed","title":"EP-053 UTC04 validation handles malformed input"},{"ancestorTitles":["Disputes cluster batch - main controller","EP-053 POST /disputes"],"duration":3,"failing":false,"failureDetails":[],"failureMessages":[],"fullName":"Disputes cluster batch - main controller EP-053 POST /disputes EP-053 UTC05 validation propagates not-found flow","invocations":1,"location":null,"numPassingAsserts":2,"retryReasons":[],"startAt":1774766809715,"status":"passed","title":"EP-053 UTC05 validation propagates not-found flow"},{"ancestorTitles":["Disputes cluster batch - main controller","EP-053 POST /disputes"],"duration":3,"failing":false,"failureDetails":[],"failureMessages":[],"fullName":"Disputes cluster batch - main controller EP-053 POST /disputes EP-053 UTC06 validation propagates unexpected service failures","invocations":1,"location":null,"numPassingAsserts":2,"retryReasons":[],"startAt":1774766809718,"status":"passed","title":"EP-053 UTC06 validation propagates unexpected service failures"},{"ancestorTitles":["Disputes cluster batch - main controller","EP-053 POST /disputes"],"duration":1,"failing":false,"failureDetails":[],"failureMessages":[],"fullName":"Disputes cluster batch - main controller EP-053 POST /disputes EP-053 UTC07 security returns 401 for unauthenticated access","invocations":1,"location":null,"numPassingAsserts":2,"retryReasons":[],"startAt":1774766809722,"status":"passed","title":"EP-053 UTC07 security returns 401 for unauthenticated access"},{"ancestorTitles":["Disputes cluster batch - main controller","EP-053 POST /disputes"],"duration":2,"failing":false,"failureDetails":[],"failureMessages":[],"fullName":"Disputes cluster batch - main controller EP-053 POST /disputes EP-053 UTC08 security returns 403 for forbidden access","invocations":1,"location":null,"numPassingAsserts":2,"retryReasons":[],"startAt":1774766809724,"status":"passed","title":"EP-053 UTC08 security returns 403 for forbidden access"},{"ancestorTitles":["Disputes cluster batch - main controller","EP-054 POST /disputes/group"],"duration":2,"failing":false,"failureDetails":[],"failureMessages":[],"fullName":"Disputes cluster batch - main controller EP-054 POST /disputes/group EP-054 UTC01 happy path returns Create Dispute Group payload","invocations":1,"location":null,"numPassingAsserts":4,"retryReasons":[],"startAt":1774766809726,"status":"passed","title":"EP-054 UTC01 happy path returns Create Dispute Group payload"},{"ancestorTitles":["Disputes cluster batch - main controller","EP-054 POST /disputes/group"],"duration":3,"failing":false,"failureDetails":[],"failureMessages":[],"fullName":"Disputes cluster batch - main controller EP-054 POST /disputes/group EP-054 UTC02 edge case accepts valid variant one","invocations":1,"location":null,"numPassingAsserts":4,"retryReasons":[],"startAt":1774766809728,"status":"passed","title":"EP-054 UTC02 edge case accepts valid variant one"},{"ancestorTitles":["Disputes cluster batch - main controller","EP-054 POST /disputes/group"],"duration":1,"failing":false,"failureDetails":[],"failureMessages":[],"fullName":"Disputes cluster batch - main controller EP-054 POST /disputes/group EP-054 UTC03 edge case accepts valid variant two","invocations":1,"location":null,"numPassingAsserts":4,"retryReasons":[],"startAt":1774766809732,"status":"passed","title":"EP-054 UTC03 edge case accepts valid variant two"},{"ancestorTitles":["Disputes cluster batch - main controller","EP-054 POST /disputes/group"],"duration":2,"failing":false,"failureDetails":[],"failureMessages":[],"fullName":"Disputes cluster batch - main controller EP-054 POST /disputes/group EP-054 UTC04 validation handles malformed input","invocations":1,"location":null,"numPassingAsserts":2,"retryReasons":[],"startAt":1774766809734,"status":"passed","title":"EP-054 UTC04 validation handles malformed input"},{"ancestorTitles":["Disputes cluster batch - main controller","EP-054 POST /disputes/group"],"duration":2,"failing":false,"failureDetails":[],"failureMessages":[],"fullName":"Disputes cluster batch - main controller EP-054 POST /disputes/group EP-054 UTC05 validation propagates not-found flow","invocations":1,"location":null,"numPassingAsserts":2,"retryReasons":[],"startAt":1774766809736,"status":"passed","title":"EP-054 UTC05 validation propagates not-found flow"},{"ancestorTitles":["Disputes cluster batch - main controller","EP-054 POST /disputes/group"],"duration":2,"failing":false,"failureDetails":[],"failureMessages":[],"fullName":"Disputes cluster batch - main controller EP-054 POST /disputes/group EP-054 UTC06 validation propagates unexpected service failures","invocations":1,"location":null,"numPassingAsserts":2,"retryReasons":[],"startAt":1774766809738,"status":"passed","title":"EP-054 UTC06 validation propagates unexpected service failures"},{"ancestorTitles":["Disputes cluster batch - main controller","EP-054 POST /disputes/group"],"duration":1,"failing":false,"failureDetails":[],"failureMessages":[],"fullName":"Disputes cluster batch - main controller EP-054 POST /disputes/group EP-054 UTC07 security returns 401 for unauthenticated access","invocations":1,"location":null,"numPassingAsserts":2,"retryReasons":[],"startAt":1774766809740,"status":"passed","title":"EP-054 UTC07 security returns 401 for unauthenticated access"},{"ancestorTitles":["Disputes cluster batch - main controller","EP-054 POST /disputes/group"],"duration":2,"failing":false,"failureDetails":[],"failureMessages":[],"fullName":"Disputes cluster batch - main controller EP-054 POST /disputes/group EP-054 UTC08 security returns 403 for forbidden access","invocations":1,"location":null,"numPassingAsserts":2,"retryReasons":[],"startAt":1774766809742,"status":"passed","title":"EP-054 UTC08 security returns 403 for forbidden access"},{"ancestorTitles":["Disputes cluster batch - main controller","EP-055 GET /disputes"],"duration":1,"failing":false,"failureDetails":[],"failureMessages":[],"fullName":"Disputes cluster batch - main controller EP-055 GET /disputes EP-055 UTC01 happy path returns Get List Disputes payload","invocations":1,"location":null,"numPassingAsserts":4,"retryReasons":[],"startAt":1774766809745,"status":"passed","title":"EP-055 UTC01 happy path returns Get List Disputes payload"},{"ancestorTitles":["Disputes cluster batch - main controller","EP-055 GET /disputes"],"duration":2,"failing":false,"failureDetails":[],"failureMessages":[],"fullName":"Disputes cluster batch - main controller EP-055 GET /disputes EP-055 UTC02 edge case accepts valid variant one","invocations":1,"location":null,"numPassingAsserts":4,"retryReasons":[],"startAt":1774766809746,"status":"passed","title":"EP-055 UTC02 edge case accepts valid variant one"},{"ancestorTitles":["Disputes cluster batch - main controller","EP-055 GET /disputes"],"duration":1,"failing":false,"failureDetails":[],"failureMessages":[],"fullName":"Disputes cluster batch - main controller EP-055 GET /disputes EP-055 UTC03 edge case accepts valid variant two","invocations":1,"location":null,"numPassingAsserts":4,"retryReasons":[],"startAt":1774766809748,"status":"passed","title":"EP-055 UTC03 edge case accepts valid variant two"},{"ancestorTitles":["Disputes cluster batch - main controller","EP-055 GET /disputes"],"duration":2,"failing":false,"failureDetails":[],"failureMessages":[],"fullName":"Disputes cluster batch - main controller EP-055 GET /disputes EP-055 UTC04 validation handles malformed input","invocations":1,"location":null,"numPassingAsserts":2,"retryReasons":[],"startAt":1774766809749,"status":"passed","title":"EP-055 UTC04 validation handles malformed input"},{"ancestorTitles":["Disputes cluster batch - main controller","EP-055 GET /disputes"],"duration":2,"failing":false,"failureDetails":[],"failureMessages":[],"fullName":"Disputes cluster batch - main controller EP-055 GET /disputes EP-055 UTC05 validation propagates not-found flow","invocations":1,"location":null,"numPassingAsserts":2,"retryReasons":[],"startAt":1774766809751,"status":"passed","title":"EP-055 UTC05 validation propagates not-found flow"},{"ancestorTitles":["Disputes cluster batch - main controller","EP-055 GET /disputes"],"duration":2,"failing":false,"failureDetails":[],"failureMessages":[],"fullName":"Disputes cluster batch - main controller EP-055 GET /disputes EP-055 UTC06 validation propagates unexpected service failures","invocations":1,"location":null,"numPassingAsserts":2,"retryReasons":[],"startAt":1774766809753,"status":"passed","title":"EP-055 UTC06 validation propagates unexpected service failures"},{"ancestorTitles":["Disputes cluster batch - main controller","EP-055 GET /disputes"],"duration":1,"failing":false,"failureDetails":[],"failureMessages":[],"fullName":"Disputes cluster batch - main controller EP-055 GET /disputes EP-055 UTC07 security returns 401 for unauthenticated access","invocations":1,"location":null,"numPassingAsserts":2,"retryReasons":[],"startAt":1774766809755,"status":"passed","title":"EP-055 UTC07 security returns 401 for unauthenticated access"},{"ancestorTitles":["Disputes cluster batch - main controller","EP-055 GET /disputes"],"duration":1,"failing":false,"failureDetails":[],"failureMessages":[],"fullName":"Disputes cluster batch - main controller EP-055 GET /disputes EP-055 UTC08 security returns 403 for forbidden access","invocations":1,"location":null,"numPassingAsserts":3,"retryReasons":[],"startAt":1774766809756,"status":"passed","title":"EP-055 UTC08 security returns 403 for forbidden access"},{"ancestorTitles":["Disputes cluster batch - main controller","EP-056 GET /disputes/my"],"duration":2,"failing":false,"failureDetails":[],"failureMessages":[],"fullName":"Disputes cluster batch - main controller EP-056 GET /disputes/my EP-056 UTC01 happy path returns Get My Disputes payload","invocations":1,"location":null,"numPassingAsserts":4,"retryReasons":[],"startAt":1774766809757,"status":"passed","title":"EP-056 UTC01 happy path returns Get My Disputes payload"},{"ancestorTitles":["Disputes cluster batch - main controller","EP-056 GET /disputes/my"],"duration":1,"failing":false,"failureDetails":[],"failureMessages":[],"fullName":"Disputes cluster batch - main controller EP-056 GET /disputes/my EP-056 UTC02 edge case accepts valid variant one","invocations":1,"location":null,"numPassingAsserts":4,"retryReasons":[],"startAt":1774766809759,"status":"passed","title":"EP-056 UTC02 edge case accepts valid variant one"},{"ancestorTitles":["Disputes cluster batch - main controller","EP-056 GET /disputes/my"],"duration":1,"failing":false,"failureDetails":[],"failureMessages":[],"fullName":"Disputes cluster batch - main controller EP-056 GET /disputes/my EP-056 UTC03 edge case accepts valid variant two","invocations":1,"location":null,"numPassingAsserts":4,"retryReasons":[],"startAt":1774766809760,"status":"passed","title":"EP-056 UTC03 edge case accepts valid variant two"},{"ancestorTitles":["Disputes cluster batch - main controller","EP-056 GET /disputes/my"],"duration":3,"failing":false,"failureDetails":[],"failureMessages":[],"fullName":"Disputes cluster batch - main controller EP-056 GET /disputes/my EP-056 UTC04 validation handles malformed input","invocations":1,"location":null,"numPassingAsserts":2,"retryReasons":[],"startAt":1774766809761,"status":"passed","title":"EP-056 UTC04 validation handles malformed input"},{"ancestorTitles":["Disputes cluster batch - main controller","EP-056 GET /disputes/my"],"duration":1,"failing":false,"failureDetails":[],"failureMessages":[],"fullName":"Disputes cluster batch - main controller EP-056 GET /disputes/my EP-056 UTC05 validation propagates not-found flow","invocations":1,"location":null,"numPassingAsserts":2,"retryReasons":[],"startAt":1774766809764,"status":"passed","title":"EP-056 UTC05 validation propagates not-found flow"},{"ancestorTitles":["Disputes cluster batch - main controller","EP-056 GET /disputes/my"],"duration":2,"failing":false,"failureDetails":[],"failureMessages":[],"fullName":"Disputes cluster batch - main controller EP-056 GET /disputes/my EP-056 UTC06 validation propagates unexpected service failures","invocations":1,"location":null,"numPassingAsserts":2,"retryReasons":[],"startAt":1774766809765,"status":"passed","title":"EP-056 UTC06 validation propagates unexpected service failures"},{"ancestorTitles":["Disputes cluster batch - main controller","EP-056 GET /disputes/my"],"duration":1,"failing":false,"failureDetails":[],"failureMessages":[],"fullName":"Disputes cluster batch - main controller EP-056 GET /disputes/my EP-056 UTC07 security returns 401 for unauthenticated access","invocations":1,"location":null,"numPassingAsserts":2,"retryReasons":[],"startAt":1774766809767,"status":"passed","title":"EP-056 UTC07 security returns 401 for unauthenticated access"},{"ancestorTitles":["Disputes cluster batch - main controller","EP-056 GET /disputes/my"],"duration":2,"failing":false,"failureDetails":[],"failureMessages":[],"fullName":"Disputes cluster batch - main controller EP-056 GET /disputes/my EP-056 UTC08 security returns 403 for forbidden access","invocations":1,"location":null,"numPassingAsserts":2,"retryReasons":[],"startAt":1774766809768,"status":"passed","title":"EP-056 UTC08 security returns 403 for forbidden access"},{"ancestorTitles":["Disputes cluster batch - main controller","EP-057 GET /disputes/stats"],"duration":1,"failing":false,"failureDetails":[],"failureMessages":[],"fullName":"Disputes cluster batch - main controller EP-057 GET /disputes/stats EP-057 UTC01 happy path returns Get Dispute Stats payload","invocations":1,"location":null,"numPassingAsserts":4,"retryReasons":[],"startAt":1774766809770,"status":"passed","title":"EP-057 UTC01 happy path returns Get Dispute Stats payload"},{"ancestorTitles":["Disputes cluster batch - main controller","EP-057 GET /disputes/stats"],"duration":1,"failing":false,"failureDetails":[],"failureMessages":[],"fullName":"Disputes cluster batch - main controller EP-057 GET /disputes/stats EP-057 UTC02 edge case accepts valid variant one","invocations":1,"location":null,"numPassingAsserts":4,"retryReasons":[],"startAt":1774766809771,"status":"passed","title":"EP-057 UTC02 edge case accepts valid variant one"},{"ancestorTitles":["Disputes cluster batch - main controller","EP-057 GET /disputes/stats"],"duration":1,"failing":false,"failureDetails":[],"failureMessages":[],"fullName":"Disputes cluster batch - main controller EP-057 GET /disputes/stats EP-057 UTC03 edge case accepts valid variant two","invocations":1,"location":null,"numPassingAsserts":4,"retryReasons":[],"startAt":1774766809773,"status":"passed","title":"EP-057 UTC03 edge case accepts valid variant two"},{"ancestorTitles":["Disputes cluster batch - main controller","EP-057 GET /disputes/stats"],"duration":1,"failing":false,"failureDetails":[],"failureMessages":[],"fullName":"Disputes cluster batch - main controller EP-057 GET /disputes/stats EP-057 UTC04 validation handles malformed input","invocations":1,"location":null,"numPassingAsserts":2,"retryReasons":[],"startAt":1774766809774,"status":"passed","title":"EP-057 UTC04 validation handles malformed input"},{"ancestorTitles":["Disputes cluster batch - main controller","EP-057 GET /disputes/stats"],"duration":1,"failing":false,"failureDetails":[],"failureMessages":[],"fullName":"Disputes cluster batch - main controller EP-057 GET /disputes/stats EP-057 UTC05 validation propagates not-found flow","invocations":1,"location":null,"numPassingAsserts":2,"retryReasons":[],"startAt":1774766809776,"status":"passed","title":"EP-057 UTC05 validation propagates not-found flow"},{"ancestorTitles":["Disputes cluster batch - main controller","EP-057 GET /disputes/stats"],"duration":1,"failing":false,"failureDetails":[],"failureMessages":[],"fullName":"Disputes cluster batch - main controller EP-057 GET /disputes/stats EP-057 UTC06 validation propagates unexpected service failures","invocations":1,"location":null,"numPassingAsserts":2,"retryReasons":[],"startAt":1774766809777,"status":"passed","title":"EP-057 UTC06 validation propagates unexpected service failures"},{"ancestorTitles":["Disputes cluster batch - main controller","EP-057 GET /disputes/stats"],"duration":0,"failing":false,"failureDetails":[],"failureMessages":[],"fullName":"Disputes cluster batch - main controller EP-057 GET /disputes/stats EP-057 UTC07 security returns 401 for unauthenticated access","invocations":1,"location":null,"numPassingAsserts":2,"retryReasons":[],"startAt":1774766809779,"status":"passed","title":"EP-057 UTC07 security returns 401 for unauthenticated access"},{"ancestorTitles":["Disputes cluster batch - main controller","EP-057 GET /disputes/stats"],"duration":0,"failing":false,"failureDetails":[],"failureMessages":[],"fullName":"Disputes cluster batch - main controller EP-057 GET /disputes/stats EP-057 UTC08 security returns 403 for forbidden access","invocations":1,"location":null,"numPassingAsserts":3,"retryReasons":[],"startAt":1774766809780,"status":"passed","title":"EP-057 UTC08 security returns 403 for forbidden access"},{"ancestorTitles":["Disputes cluster batch - main controller","EP-058 GET /disputes/queue/count"],"duration":1,"failing":false,"failureDetails":[],"failureMessages":[],"fullName":"Disputes cluster batch - main controller EP-058 GET /disputes/queue/count EP-058 UTC01 happy path returns Get Queue Count payload","invocations":1,"location":null,"numPassingAsserts":4,"retryReasons":[],"startAt":1774766809781,"status":"passed","title":"EP-058 UTC01 happy path returns Get Queue Count payload"},{"ancestorTitles":["Disputes cluster batch - main controller","EP-058 GET /disputes/queue/count"],"duration":1,"failing":false,"failureDetails":[],"failureMessages":[],"fullName":"Disputes cluster batch - main controller EP-058 GET /disputes/queue/count EP-058 UTC02 edge case accepts valid variant one","invocations":1,"location":null,"numPassingAsserts":4,"retryReasons":[],"startAt":1774766809782,"status":"passed","title":"EP-058 UTC02 edge case accepts valid variant one"},{"ancestorTitles":["Disputes cluster batch - main controller","EP-058 GET /disputes/queue/count"],"duration":1,"failing":false,"failureDetails":[],"failureMessages":[],"fullName":"Disputes cluster batch - main controller EP-058 GET /disputes/queue/count EP-058 UTC03 edge case accepts valid variant two","invocations":1,"location":null,"numPassingAsserts":4,"retryReasons":[],"startAt":1774766809783,"status":"passed","title":"EP-058 UTC03 edge case accepts valid variant two"},{"ancestorTitles":["Disputes cluster batch - main controller","EP-058 GET /disputes/queue/count"],"duration":2,"failing":false,"failureDetails":[],"failureMessages":[],"fullName":"Disputes cluster batch - main controller EP-058 GET /disputes/queue/count EP-058 UTC04 validation handles malformed input","invocations":1,"location":null,"numPassingAsserts":2,"retryReasons":[],"startAt":1774766809784,"status":"passed","title":"EP-058 UTC04 validation handles malformed input"},{"ancestorTitles":["Disputes cluster batch - main controller","EP-058 GET /disputes/queue/count"],"duration":1,"failing":false,"failureDetails":[],"failureMessages":[],"fullName":"Disputes cluster batch - main controller EP-058 GET /disputes/queue/count EP-058 UTC05 validation propagates not-found flow","invocations":1,"location":null,"numPassingAsserts":2,"retryReasons":[],"startAt":1774766809786,"status":"passed","title":"EP-058 UTC05 validation propagates not-found flow"},{"ancestorTitles":["Disputes cluster batch - main controller","EP-058 GET /disputes/queue/count"],"duration":1,"failing":false,"failureDetails":[],"failureMessages":[],"fullName":"Disputes cluster batch - main controller EP-058 GET /disputes/queue/count EP-058 UTC06 validation propagates unexpected service failures","invocations":1,"location":null,"numPassingAsserts":2,"retryReasons":[],"startAt":1774766809788,"status":"passed","title":"EP-058 UTC06 validation propagates unexpected service failures"},{"ancestorTitles":["Disputes cluster batch - main controller","EP-058 GET /disputes/queue/count"],"duration":1,"failing":false,"failureDetails":[],"failureMessages":[],"fullName":"Disputes cluster batch - main controller EP-058 GET /disputes/queue/count EP-058 UTC07 security returns 401 for unauthenticated access","invocations":1,"location":null,"numPassingAsserts":2,"retryReasons":[],"startAt":1774766809789,"status":"passed","title":"EP-058 UTC07 security returns 401 for unauthenticated access"},{"ancestorTitles":["Disputes cluster batch - main controller","EP-058 GET /disputes/queue/count"],"duration":4,"failing":false,"failureDetails":[],"failureMessages":[],"fullName":"Disputes cluster batch - main controller EP-058 GET /disputes/queue/count EP-058 UTC08 security returns 403 for forbidden access","invocations":1,"location":null,"numPassingAsserts":3,"retryReasons":[],"startAt":1774766809790,"status":"passed","title":"EP-058 UTC08 security returns 403 for forbidden access"},{"ancestorTitles":["Disputes cluster batch - main controller","EP-059 GET /disputes/queue"],"duration":2,"failing":false,"failureDetails":[],"failureMessages":[],"fullName":"Disputes cluster batch - main controller EP-059 GET /disputes/queue EP-059 UTC01 happy path returns Get Queue Disputes payload","invocations":1,"location":null,"numPassingAsserts":4,"retryReasons":[],"startAt":1774766809794,"status":"passed","title":"EP-059 UTC01 happy path returns Get Queue Disputes payload"},{"ancestorTitles":["Disputes cluster batch - main controller","EP-059 GET /disputes/queue"],"duration":1,"failing":false,"failureDetails":[],"failureMessages":[],"fullName":"Disputes cluster batch - main controller EP-059 GET /disputes/queue EP-059 UTC02 edge case accepts valid variant one","invocations":1,"location":null,"numPassingAsserts":4,"retryReasons":[],"startAt":1774766809796,"status":"passed","title":"EP-059 UTC02 edge case accepts valid variant one"},{"ancestorTitles":["Disputes cluster batch - main controller","EP-059 GET /disputes/queue"],"duration":1,"failing":false,"failureDetails":[],"failureMessages":[],"fullName":"Disputes cluster batch - main controller EP-059 GET /disputes/queue EP-059 UTC03 edge case accepts valid variant two","invocations":1,"location":null,"numPassingAsserts":4,"retryReasons":[],"startAt":1774766809797,"status":"passed","title":"EP-059 UTC03 edge case accepts valid variant two"},{"ancestorTitles":["Disputes cluster batch - main controller","EP-059 GET /disputes/queue"],"duration":2,"failing":false,"failureDetails":[],"failureMessages":[],"fullName":"Disputes cluster batch - main controller EP-059 GET /disputes/queue EP-059 UTC04 validation handles malformed input","invocations":1,"location":null,"numPassingAsserts":2,"retryReasons":[],"startAt":1774766809798,"status":"passed","title":"EP-059 UTC04 validation handles malformed input"},{"ancestorTitles":["Disputes cluster batch - main controller","EP-059 GET /disputes/queue"],"duration":1,"failing":false,"failureDetails":[],"failureMessages":[],"fullName":"Disputes cluster batch - main controller EP-059 GET /disputes/queue EP-059 UTC05 validation propagates not-found flow","invocations":1,"location":null,"numPassingAsserts":2,"retryReasons":[],"startAt":1774766809800,"status":"passed","title":"EP-059 UTC05 validation propagates not-found flow"},{"ancestorTitles":["Disputes cluster batch - main controller","EP-059 GET /disputes/queue"],"duration":1,"failing":false,"failureDetails":[],"failureMessages":[],"fullName":"Disputes cluster batch - main controller EP-059 GET /disputes/queue EP-059 UTC06 validation propagates unexpected service failures","invocations":1,"location":null,"numPassingAsserts":2,"retryReasons":[],"startAt":1774766809802,"status":"passed","title":"EP-059 UTC06 validation propagates unexpected service failures"},{"ancestorTitles":["Disputes cluster batch - main controller","EP-059 GET /disputes/queue"],"duration":1,"failing":false,"failureDetails":[],"failureMessages":[],"fullName":"Disputes cluster batch - main controller EP-059 GET /disputes/queue EP-059 UTC07 security returns 401 for unauthenticated access","invocations":1,"location":null,"numPassingAsserts":2,"retryReasons":[],"startAt":1774766809803,"status":"passed","title":"EP-059 UTC07 security returns 401 for unauthenticated access"},{"ancestorTitles":["Disputes cluster batch - main controller","EP-059 GET /disputes/queue"],"duration":1,"failing":false,"failureDetails":[],"failureMessages":[],"fullName":"Disputes cluster batch - main controller EP-059 GET /disputes/queue EP-059 UTC08 security returns 403 for forbidden access","invocations":1,"location":null,"numPassingAsserts":3,"retryReasons":[],"startAt":1774766809804,"status":"passed","title":"EP-059 UTC08 security returns 403 for forbidden access"},{"ancestorTitles":["Disputes cluster batch - main controller","EP-060 GET /disputes/caseload"],"duration":2,"failing":false,"failureDetails":[],"failureMessages":[],"fullName":"Disputes cluster batch - main controller EP-060 GET /disputes/caseload EP-060 UTC01 happy path returns Get Caseload Disputes payload","invocations":1,"location":null,"numPassingAsserts":4,"retryReasons":[],"startAt":1774766809805,"status":"passed","title":"EP-060 UTC01 happy path returns Get Caseload Disputes payload"},{"ancestorTitles":["Disputes cluster batch - main controller","EP-060 GET /disputes/caseload"],"duration":1,"failing":false,"failureDetails":[],"failureMessages":[],"fullName":"Disputes cluster batch - main controller EP-060 GET /disputes/caseload EP-060 UTC02 edge case accepts valid variant one","invocations":1,"location":null,"numPassingAsserts":4,"retryReasons":[],"startAt":1774766809807,"status":"passed","title":"EP-060 UTC02 edge case accepts valid variant one"},{"ancestorTitles":["Disputes cluster batch - main controller","EP-060 GET /disputes/caseload"],"duration":1,"failing":false,"failureDetails":[],"failureMessages":[],"fullName":"Disputes cluster batch - main controller EP-060 GET /disputes/caseload EP-060 UTC03 edge case accepts valid variant two","invocations":1,"location":null,"numPassingAsserts":4,"retryReasons":[],"startAt":1774766809808,"status":"passed","title":"EP-060 UTC03 edge case accepts valid variant two"},{"ancestorTitles":["Disputes cluster batch - main controller","EP-060 GET /disputes/caseload"],"duration":1,"failing":false,"failureDetails":[],"failureMessages":[],"fullName":"Disputes cluster batch - main controller EP-060 GET /disputes/caseload EP-060 UTC04 validation handles malformed input","invocations":1,"location":null,"numPassingAsserts":2,"retryReasons":[],"startAt":1774766809809,"status":"passed","title":"EP-060 UTC04 validation handles malformed input"},{"ancestorTitles":["Disputes cluster batch - main controller","EP-060 GET /disputes/caseload"],"duration":1,"failing":false,"failureDetails":[],"failureMessages":[],"fullName":"Disputes cluster batch - main controller EP-060 GET /disputes/caseload EP-060 UTC05 validation propagates not-found flow","invocations":1,"location":null,"numPassingAsserts":2,"retryReasons":[],"startAt":1774766809811,"status":"passed","title":"EP-060 UTC05 validation propagates not-found flow"},{"ancestorTitles":["Disputes cluster batch - main controller","EP-060 GET /disputes/caseload"],"duration":1,"failing":false,"failureDetails":[],"failureMessages":[],"fullName":"Disputes cluster batch - main controller EP-060 GET /disputes/caseload EP-060 UTC06 validation propagates unexpected service failures","invocations":1,"location":null,"numPassingAsserts":2,"retryReasons":[],"startAt":1774766809812,"status":"passed","title":"EP-060 UTC06 validation propagates unexpected service failures"},{"ancestorTitles":["Disputes cluster batch - main controller","EP-060 GET /disputes/caseload"],"duration":0,"failing":false,"failureDetails":[],"failureMessages":[],"fullName":"Disputes cluster batch - main controller EP-060 GET /disputes/caseload EP-060 UTC07 security returns 401 for unauthenticated access","invocations":1,"location":null,"numPassingAsserts":2,"retryReasons":[],"startAt":1774766809814,"status":"passed","title":"EP-060 UTC07 security returns 401 for unauthenticated access"},{"ancestorTitles":["Disputes cluster batch - main controller","EP-060 GET /disputes/caseload"],"duration":1,"failing":false,"failureDetails":[],"failureMessages":[],"fullName":"Disputes cluster batch - main controller EP-060 GET /disputes/caseload EP-060 UTC08 security returns 403 for forbidden access","invocations":1,"location":null,"numPassingAsserts":3,"retryReasons":[],"startAt":1774766809814,"status":"passed","title":"EP-060 UTC08 security returns 403 for forbidden access"},{"ancestorTitles":["Disputes cluster batch - main controller","EP-061 GET /disputes/scheduling/worklist"],"duration":1,"failing":false,"failureDetails":[],"failureMessages":[],"fullName":"Disputes cluster batch - main controller EP-061 GET /disputes/scheduling/worklist EP
[...]
[],"startAt":1774766838024,"status":"passed","title":"EP-037 UTC06 validation rejects participant ids that belong to another event"},{"ancestorTitles":["Calendar reschedule module cluster","EP-037 respondInvite"],"duration":1,"failing":false,"failureDetails":[],"failureMessages":[],"fullName":"Calendar reschedule module cluster EP-037 respondInvite EP-037 UTC07 security declares JwtAuthGuard on respondInvite","invocations":1,"location":null,"numPassingAsserts":2,"retryReasons":[],"startAt":1774766838026,"status":"passed","title":"EP-037 UTC07 security declares JwtAuthGuard on respondInvite"},{"ancestorTitles":["Calendar reschedule module cluster","EP-037 respondInvite"],"duration":2,"failing":false,"failureDetails":[],"failureMessages":[],"fullName":"Calendar reschedule module cluster EP-037 respondInvite EP-037 UTC08 security blocks another participant from responding without elevated role","invocations":1,"location":null,"numPassingAsserts":2,"retryReasons":[],"startAt":1774766838027,"status":"passed","title":"EP-037 UTC08 security blocks another participant from responding without elevated role"}],"endTime":1774766838034,"message":"","name":"D:\\Đồ án\\InterDev\\server\\src\\agent-unit-tests\\controller_task_full_batch_01\\calendar.batch.spec.ts","startTime":1774766835661,"status":"passed","summary":""},{"assertionResults":[{"ancestorTitles":["Audit Logs module cluster","EP-004 findAll"],"duration":7,"failing":false,"failureDetails":[],"failureMessages":[],"fullName":"Audit Logs module cluster EP-004 findAll EP-004 UTC01 happy path passes transformed query values to findAll","invocations":1,"location":null,"numPassingAsserts":3,"retryReasons":[],"startAt":1774766839961,"status":"passed","title":"EP-004 UTC01 happy path passes transformed query values to findAll"},{"ancestorTitles":["Audit Logs module cluster","EP-004 findAll"],"duration":1,"failing":false,"failureDetails":[],"failureMessages":[],"fullName":"Audit Logs module cluster EP-004 findAll EP-004 UTC02 edge case keeps DTO default page and limit values when filters are omitted","invocations":1,"location":null,"numPassingAsserts":3,"retryReasons":[],"startAt":1774766839969,"status":"passed","title":"EP-004 UTC02 edge case keeps DTO default page and limit values when filters are omitted"},{"ancestorTitles":["Audit Logs module cluster","EP-004 findAll"],"duration":2,"failing":false,"failureDetails":[],"failureMessages":[],"fullName":"Audit Logs module cluster EP-004 findAll EP-004 UTC03 edge case preserves valid low-bound limit and statusCode inputs","invocations":1,"location":null,"numPassingAsserts":2,"retryReasons":[],"startAt":1774766839970,"status":"passed","title":"EP-004 UTC03 edge case preserves valid low-bound limit and statusCode inputs"},{"ancestorTitles":["Audit Logs module cluster","EP-004 findAll"],"duration":7,"failing":false,"failureDetails":[],"failureMessages":[],"fullName":"Audit Logs module cluster EP-004 findAll EP-004 UTC04 validation rejects page values below 1 in GetAuditLogsDto","invocations":1,"location":null,"numPassingAsserts":2,"retryReasons":[],"startAt":1774766839972,"status":"passed","title":"EP-004 UTC04 validation rejects page values below 1 in GetAuditLogsDto"},{"ancestorTitles":["Audit Logs module cluster","EP-004 findAll"],"duration":2,"failing":false,"failureDetails":[],"failureMessages":[],"fullName":"Audit Logs module cluster EP-004 findAll EP-004 UTC05 validation rejects unsupported riskLevel values in GetAuditLogsDto","invocations":1,"location":null,"numPassingAsserts":2,"retryReasons":[],"startAt":1774766839979,"status":"passed","title":"EP-004 UTC05 validation rejects unsupported riskLevel values in GetAuditLogsDto"},{"ancestorTitles":["Audit Logs module cluster","EP-004 findAll"],"duration":1,"failing":false,"failureDetails":[],"failureMessages":[],"fullName":"Audit Logs module cluster EP-004 findAll EP-004 UTC06 validation rejects unsupported source values in GetAuditLogsDto","invocations":1,"location":null,"numPassingAsserts":2,"retryReasons":[],"startAt":1774766839982,"status":"passed","title":"EP-004 UTC06 validation rejects unsupported source values in GetAuditLogsDto"},{"ancestorTitles":["Audit Logs module cluster","EP-004 findAll"],"duration":2,"failing":false,"failureDetails":[],"failureMessages":[],"fullName":"Audit Logs module cluster EP-004 findAll EP-004 UTC07 security declares JwtAuthGuard on findAll","invocations":1,"location":null,"numPassingAsserts":2,"retryReasons":[],"startAt":1774766839983,"status":"passed","title":"EP-004 UTC07 security declares JwtAuthGuard on findAll"},{"ancestorTitles":["Audit Logs module cluster","EP-004 findAll"],"duration":2,"failing":false,"failureDetails":[],"failureMessages":[],"fullName":"Audit Logs module cluster EP-004 findAll EP-004 UTC08 security restricts findAll to ADMIN role metadata","invocations":1,"location":null,"numPassingAsserts":3,"retryReasons":[],"startAt":1774766839985,"status":"passed","title":"EP-004 UTC08 security restricts findAll to ADMIN role metadata"},{"ancestorTitles":["Audit Logs module cluster","EP-005 export"],"duration":3,"failing":false,"failureDetails":[],"failureMessages":[],"fullName":"Audit Logs module cluster EP-005 export EP-005 UTC01 happy path exports JSON by default and writes the export audit log","invocations":1,"location":null,"numPassingAsserts":6,"retryReasons":[],"startAt":1774766839987,"status":"passed","title":"EP-005 UTC01 happy path exports JSON by default and writes the export audit log"},{"ancestorTitles":["Audit Logs module cluster","EP-005 export"],"duration":2,"failing":false,"failureDetails":[],"failureMessages":[],"fullName":"Audit Logs module cluster EP-005 export EP-005 UTC02 edge case exports CSV with the expected attachment headers","invocations":1,"location":null,"numPassingAsserts":4,"retryReasons":[],"startAt":1774766839991,"status":"passed","title":"EP-005 UTC02 edge case exports CSV with the expected attachment headers"},{"ancestorTitles":["Audit Logs module cluster","EP-005 export"],"duration":2,"failing":false,"failureDetails":[],"failureMessages":[],"fullName":"Audit Logs module cluster EP-005 export EP-005 UTC03 edge case exports XLSX with the expected attachment headers","invocations":1,"location":null,"numPassingAsserts":3,"retryReasons":[],"startAt":1774766839993,"status":"passed","title":"EP-005 UTC03 edge case exports XLSX with the expected attachment headers"},{"ancestorTitles":["Audit Logs module cluster","EP-005 export"],"duration":2,"failing":false,"failureDetails":[],"failureMessages":[],"fullName":"Audit Logs module cluster EP-005 export EP-005 UTC04 validation rejects unsupported export format values in GetAuditLogsDto","invocations":1,"location":null,"numPassingAsserts":2,"retryReasons":[],"startAt":1774766839995,"status":"passed","title":"EP-005 UTC04 validation rejects unsupported export format values in GetAuditLogsDto"},{"ancestorTitles":["Audit Logs module cluster","EP-005 export"],"duration":2,"failing":false,"failureDetails":[],"failureMessages":[],"fullName":"Audit Logs module cluster EP-005 export EP-005 UTC05 validation rejects pagination limit values below 1 in GetAuditLogsDto","invocations":1,"location":null,"numPassingAsserts":2,"retryReasons":[],"startAt":1774766839997,"status":"passed","title":"EP-005 UTC05 validation rejects pagination limit values below 1 in GetAuditLogsDto"},{"ancestorTitles":["Audit Logs module cluster","EP-005 export"],"duration":23,"failing":false,"failureDetails":[],"failureMessages":[],"fullName":"Audit Logs module cluster EP-005 export EP-005 UTC06 validation bubbles up export service failures without sending a partial response","invocations":1,"location":null,"numPassingAsserts":4,"retryReasons":[],"startAt":1774766839999,"status":"passed","title":"EP-005 UTC06 validation bubbles up export service failures without sending a partial response"},{"ancestorTitles":["Audit Logs module cluster","EP-005 export"],"duration":1,"failing":false,"failureDetails":[],"failureMessages":[],"fullName":"Audit Logs module cluster EP-005 export EP-005 UTC07 security declares JwtAuthGuard on export","invocations":1,"location":null,"numPassingAsserts":2,"retryReasons":[],"startAt":1774766840022,"status":"passed","title":"EP-005 UTC07 security declares JwtAuthGuard on export"},{"ancestorTitles":["Audit Logs module cluster","EP-005 export"],"duration":1,"failing":false,"failureDetails":[],"failureMessages":[],"fullName":"Audit Logs module cluster EP-005 export EP-005 UTC08 security restricts export to ADMIN role metadata","invocations":1,"location":null,"numPassingAsserts":3,"retryReasons":[],"startAt":1774766840024,"status":"passed","title":"EP-005 UTC08 security restricts export to ADMIN role metadata"},{"ancestorTitles":["Audit Logs module cluster","EP-007 getTimeline"],"duration":2,"failing":false,"failureDetails":[],"failureMessages":[],"fullName":"Audit Logs module cluster EP-007 getTimeline EP-007 UTC01 happy path returns the correlated timeline for an audit log id","invocations":1,"location":null,"numPassingAsserts":3,"retryReasons":[],"startAt":1774766840025,"status":"passed","title":"EP-007 UTC01 happy path returns the correlated timeline for an audit log id"},{"ancestorTitles":["Audit Logs module cluster","EP-007 getTimeline"],"duration":1,"failing":false,"failureDetails":[],"failureMessages":[],"fullName":"Audit Logs module cluster EP-007 getTimeline EP-007 UTC02 edge case returns a single-entry request correlation timeline","invocations":1,"location":null,"numPassingAsserts":2,"retryReasons":[],"startAt":1774766840027,"status":"passed","title":"EP-007 UTC02 edge case returns a single-entry request correlation timeline"},{"ancestorTitles":["Audit Logs module cluster","EP-007 getTimeline"],"duration":1,"failing":false,"failureDetails":[],"failureMessages":[],"fullName":"Audit Logs module cluster EP-007 getTimeline EP-007 UTC03 edge case returns an actor-scoped timeline when requestId is absent","invocations":1,"location":null,"numPassingAsserts":2,"retryReasons":[],"startAt":1774766840028,"status":"passed","title":"EP-007 UTC03 edge case returns an actor-scoped timeline when requestId is absent"},{"ancestorTitles":["Audit Logs module cluster","EP-007 getTimeline"],"duration":3,"failing":false,"failureDetails":[],"failureMessages":[],"fullName":"Audit Logs module cluster EP-007 getTimeline EP-007 UTC04 validation propagates the audit-log not-found business exception","invocations":1,"location":null,"numPassingAsserts":2,"retryReasons":[],"startAt":1774766840029,"status":"passed","title":"EP-007 UTC04 validation propagates the audit-log not-found business exception"},{"ancestorTitles":["Audit Logs module cluster","EP-007 getTimeline"],"duration":7,"failing":false,"failureDetails":[],"failureMessages":[],"fullName":"Audit Logs module cluster EP-007 getTimeline EP-007 UTC05 validation propagates malformed timeline identifier errors","invocations":1,"location":null,"numPassingAsserts":2,"retryReasons":[],"startAt":1774766840033,"status":"passed","title":"EP-007 UTC05 validation propagates malformed timeline identifier errors"},{"ancestorTitles":["Audit Logs module cluster","EP-007 getTimeline"],"duration":2,"failing":false,"failureDetails":[],"failureMessages":[],"fullName":"Audit Logs module cluster EP-007 getTimeline EP-007 UTC06 validation bubbles up unexpected timeline repository failures","invocations":1,"location":null,"numPassingAsserts":2,"retryReasons":[],"startAt":1774766840040,"status":"passed","title":"EP-007 UTC06 validation bubbles up unexpected timeline repository failures"},{"ancestorTitles":["Audit Logs module cluster","EP-007 getTimeline"],"duration":1,"failing":false,"failureDetails":[],"failureMessages":[],"fullName":"Audit Logs module cluster EP-007 getTimeline EP-007 UTC07 security declares JwtAuthGuard on getTimeline","invocations":1,"location":null,"numPassingAsserts":2,"retryReasons":[],"startAt":1774766840042,"status":"passed","title":"EP-007 UTC07 security declares JwtAuthGuard on getTimeline"},{"ancestorTitles":["Audit Logs module cluster","EP-007 getTimeline"],"duration":1,"failing":false,"failureDetails":[],"failureMessages":[],"fullName":"Audit Logs module cluster EP-007 getTimeline EP-007 UTC08 security restricts getTimeline to ADMIN role metadata","invocations":1,"location":null,"numPassingAsserts":3,"retryReasons":[],"startAt":1774766840043,"status":"passed","title":"EP-007 UTC08 security restricts getTimeline to ADMIN role metadata"},{"ancestorTitles":["Audit Logs module cluster","EP-008 findOne"],"duration":2,"failing":false,"failureDetails":[],"failureMessages":[],"fullName":"Audit Logs module cluster EP-008 findOne EP-008 UTC01 happy path returns a detailed audit log view for the input id","invocations":1,"location":null,"numPassingAsserts":3,"retryReasons":[],"startAt":1774766840044,"status":"passed","title":"EP-008 UTC01 happy path returns a detailed audit log view for the input id"},{"ancestorTitles":["Audit Logs module cluster","EP-008 findOne"],"duration":2,"failing":false,"failureDetails":[],"failureMessages":[],"fullName":"Audit Logs module cluster EP-008 findOne EP-008 UTC02 edge case returns a detail payload with high-risk metadata","invocations":1,"location":null,"numPassingAsserts":2,"retryReasons":[],"startAt":1774766840046,"status":"passed","title":"EP-008 UTC02 edge case returns a detail payload with high-risk metadata"},{"ancestorTitles":["Audit Logs module cluster","EP-008 findOne"],"duration":1,"failing":false,"failureDetails":[],"failureMessages":[],"fullName":"Audit Logs module cluster EP-008 findOne EP-008 UTC03 edge case returns a detail payload for anonymous actors","invocations":1,"location":null,"numPassingAsserts":2,"retryReasons":[],"startAt":1774766840048,"status":"passed","title":"EP-008 UTC03 edge case returns a detail payload for anonymous actors"},{"ancestorTitles":["Audit Logs module cluster","EP-008 findOne"],"duration":1,"failing":false,"failureDetails":[],"failureMessages":[],"fullName":"Audit Logs module cluster EP-008 findOne EP-008 UTC04 validation propagates the missing-detail business exception","invocations":1,"location":null,"numPassingAsserts":2,"retryReasons":[],"startAt":1774766840049,"status":"passed","title":"EP-008 UTC04 validation propagates the missing-detail business exception"},{"ancestorTitles":["Audit Logs module cluster","EP-008 findOne"],"duration":1,"failing":false,"failureDetails":[],"failureMessages":[],"fullName":"Audit Logs module cluster EP-008 findOne EP-008 UTC05 validation propagates malformed detail identifier errors","invocations":1,"location":null,"numPassingAsserts":2,"retryReasons":[],"startAt":1774766840051,"status":"passed","title":"EP-008 UTC05 validation propagates malformed detail identifier errors"},{"ancestorTitles":["Audit Logs module cluster","EP-008 findOne"],"duration":1,"failing":false,"failureDetails":[],"failureMessages":[],"fullName":"Audit Logs module cluster EP-008 findOne EP-008 UTC06 validation bubbles up unexpected detail query failures","invocations":1,"location":null,"numPassingAsserts":2,"retryReasons":[],"startAt":1774766840052,"status":"passed","title":"EP-008 UTC06 validation bubbles up unexpected detail query failures"},{"ancestorTitles":["Audit Logs module cluster","EP-008 findOne"],"duration":1,"failing":false,"failureDetails":[],"failureMessages":[],"fullName":"Audit Logs module cluster EP-008 findOne EP-008 UTC07 security declares JwtAuthGuard on findOne","invocations":1,"location":null,"numPassingAsserts":2,"retryReasons":[],"startAt":1774766840053,"status":"passed","title":"EP-008 UTC07 security declares JwtAuthGuard on findOne"},{"ancestorTitles":["Audit Logs module cluster","EP-008 findOne"],"duration":2,"failing":false,"failureDetails":[],"failureMessages":[],"fullName":"Audit Logs module cluster EP-008 findOne EP-008 UTC08 security restricts findOne to ADMIN role metadata","invocations":1,"location":null,"numPassingAsserts":3,"retryReasons":[],"startAt":1774766840054,"status":"passed","title":"EP-008 UTC08 security restricts findOne to ADMIN role metadata"}],"endTime":1774766840059,"message":"","name":"D:\\Đồ án\\InterDev\\server\\src\\agent-unit-tests\\controller_task_full_batch_01\\audit-logs.batch.spec.ts","startTime":1774766838060,"status":"passed","summary":""},{"assertionResults":[{"ancestorTitles":["Admin Dashboard module cluster"],"duration":7,"failing":false,"failureDetails":[],"failureMessages":[],"fullName":"Admin Dashboard module cluster EP-003 UTC01 happy path returns overview for a valid range input","invocations":1,"location":null,"numPassingAsserts":3,"retryReasons":[],"startAt":1774766841815,"status":"passed","title":"EP-003 UTC01 happy path returns overview for a valid range input"},{"ancestorTitles":["Admin Dashboard module cluster"],"duration":1,"failing":false,"failureDetails":[],"failureMessages":[],"fullName":"Admin Dashboard module cluster EP-003 UTC02 edge case defaults the range input to 30d when it is omitted","invocations":1,"location":null,"numPassingAsserts":3,"retryReasons":[],"startAt":1774766841823,"status":"passed","title":"EP-003 UTC02 edge case defaults the range input to 30d when it is omitted"},{"ancestorTitles":["Admin Dashboard module cluster"],"duration":2,"failing":false,"failureDetails":[],"failureMessages":[],"fullName":"Admin Dashboard module cluster EP-003 UTC03 edge case normalizes an unsupported range input to 30d","invocations":1,"location":null,"numPassingAsserts":3,"retryReasons":[],"startAt":1774766841824,"status":"passed","title":"EP-003 UTC03 edge case normalizes an unsupported range input to 30d"},{"ancestorTitles":["Admin Dashboard module cluster"],"duration":13,"failing":false,"failureDetails":[],"failureMessages":[],"fullName":"Admin Dashboard module cluster EP-003 UTC04 validation propagates the business exception for an unsupported range","invocations":1,"location":null,"numPassingAsserts":2,"retryReasons":[],"startAt":1774766841826,"status":"passed","title":"EP-003 UTC04 validation propagates the business exception for an unsupported range"},{"ancestorTitles":["Admin Dashboard module cluster"],"duration":2,"failing":false,"failureDetails":[],"failureMessages":[],"fullName":"Admin Dashboard module cluster EP-003 UTC05 validation propagates a temporary analytics outage","invocations":1,"location":null,"numPassingAsserts":2,"retryReasons":[],"startAt":1774766841840,"status":"passed","title":"EP-003 UTC05 validation propagates a temporary analytics outage"},{"ancestorTitles":["Admin Dashboard module cluster"],"duration":3,"failing":false,"failureDetails":[],"failureMessages":[],"fullName":"Admin Dashboard module cluster EP-003 UTC06 validation bubbles up unexpected repository failures","invocations":1,"location":null,"numPassingAsserts":2,"retryReasons":[],"startAt":1774766841842,"status":"passed","title":"EP-003 UTC06 validation bubbles up unexpected repository failures"},{"ancestorTitles":["Admin Dashboard module cluster"],"duration":1,"failing":false,"failureDetails":[],"failureMessages":[],"fullName":"Admin Dashboard module cluster EP-003 UTC07 security declares JwtAuthGuard on the overview method","invocations":1,"location":null,"numPassingAsserts":2,"retryReasons":[],"startAt":1774766841845,"status":"passed","title":"EP-003 UTC07 security declares JwtAuthGuard on the overview method"},{"ancestorTitles":["Admin Dashboard module cluster"],"duration":2,"failing":false,"failureDetails":[],"failureMessages":[],"fullName":"Admin Dashboard module cluster EP-003 UTC08 security restricts the overview method to ADMIN role metadata","invocations":1,"location":null,"numPassingAsserts":3,"retryReasons":[],"startAt":1774766841846,"status":"passed","title":"EP-003 UTC08 security restricts the overview method to ADMIN role metadata"}],"endTime":1774766841849,"message":"","name":"D:\\Đồ án\\InterDev\\server\\src\\agent-unit-tests\\controller_task_full_batch_01\\admin-dashboard.batch.spec.ts","startTime":1774766840085,"status":"passed","summary":""}],"wasInterrupted":false}
