{"numFailedTestSuites":0,"numFailedTests":0,"numPassedTestSuites":13,"numPassedTests":1232,"numPendingTestSuites":0,"numPendingTests":0,"numRuntimeErrorTestSuites":0,"numTodoTests":0,"numTotalTestSuites":13,"numTotalTests":1232,"openHandles":[],"snapshot":{"added":0,"didUpdate":false,"failure":false,"filesAdded":0,"filesRemoved":0,"filesRemovedList":[],"filesUnmatched":0,"filesUpdated":0,"matched":0,"total":0,"unchecked":0,"uncheckedKeysByFile":[],"unmatched":0,"updated":0},"startTime":1774771621001,"success":true,"testResults":[{"assertionResults":[{"ancestorTitles":["User warnings controller task batch","EP-289 GET /user-warnings/statistics"],"duration":4,"failing":false,"failureDetails":[],"failureMessages":[],"fullName":"User warnings controller task batch EP-289 GET /user-warnings/statistics EP-289 UTC01 happy path executes getStatistics with valid business inputs","invocations":1,"location":null,"numPassingAsserts":3,"retryReasons":[],"startAt":1774771625980,"status":"passed","title":"EP-289 UTC01 happy path executes getStatistics with valid business inputs"},{"ancestorTitles":["User warnings controller task batch","EP-289 GET /user-warnings/statistics"],"duration":1,"failing":false,"failureDetails":[],"failureMessages":[],"fullName":"User warnings controller task batch EP-289 GET /user-warnings/statistics EP-289 UTC02 edge case accepts alternate input set for boundary coverage","invocations":1,"location":null,"numPassingAsserts":3,"retryReasons":[],"startAt":1774771625985,"status":"passed","title":"EP-289 UTC02 edge case accepts alternate input set for boundary coverage"},{"ancestorTitles":["User warnings controller task batch","EP-289 GET /user-warnings/statistics"],"duration":1,"failing":false,"failureDetails":[],"failureMessages":[],"fullName":"User warnings controller task batch EP-289 GET /user-warnings/statistics EP-289 UTC03 edge case accepts secondary input set for optional fields","invocations":1,"location":null,"numPassingAsserts":3,"retryReasons":[],"startAt":1774771625986,"status":"passed","title":"EP-289 UTC03 edge case accepts secondary input set for optional fields"},{"ancestorTitles":["User warnings controller task batch","EP-289 GET /user-warnings/statistics"],"duration":39,"failing":false,"failureDetails":[],"failureMessages":[],"fullName":"User warnings controller task batch EP-289 GET /user-warnings/statistics EP-289 UTC04 validation rejects Invalid Get Statistics payload","invocations":1,"location":null,"numPassingAsserts":2,"retryReasons":[],"startAt":1774771625988,"status":"passed","title":"EP-289 UTC04 validation rejects Invalid Get Statistics payload"},{"ancestorTitles":["User warnings controller task batch","EP-289 GET /user-warnings/statistics"],"duration":1,"failing":false,"failureDetails":[],"failureMessages":[],"fullName":"User warnings controller task batch EP-289 GET /user-warnings/statistics EP-289 UTC05 validation returns not found when the target record is missing","invocations":1,"location":null,"numPassingAsserts":2,"retryReasons":[],"startAt":1774771626027,"status":"passed","title":"EP-289 UTC05 validation returns not found when the target record is missing"},{"ancestorTitles":["User warnings controller task batch","EP-289 GET /user-warnings/statistics"],"duration":2,"failing":false,"failureDetails":[],"failureMessages":[],"fullName":"User warnings controller task batch EP-289 GET /user-warnings/statistics EP-289 UTC06 validation propagates get statistics service failures","invocations":1,"location":null,"numPassingAsserts":2,"retryReasons":[],"startAt":1774771626028,"status":"passed","title":"EP-289 UTC06 validation propagates get statistics service failures"},{"ancestorTitles":["User warnings controller task batch","EP-289 GET /user-warnings/statistics"],"duration":1,"failing":false,"failureDetails":[],"failureMessages":[],"fullName":"User warnings controller task batch EP-289 GET /user-warnings/statistics EP-289 UTC07 security confirms getStatistics does not require JwtAuthGuard","invocations":1,"location":null,"numPassingAsserts":2,"retryReasons":[],"startAt":1774771626030,"status":"passed","title":"EP-289 UTC07 security confirms getStatistics does not require JwtAuthGuard"},{"ancestorTitles":["User warnings controller task batch","EP-289 GET /user-warnings/statistics"],"duration":1,"failing":false,"failureDetails":[],"failureMessages":[],"fullName":"User warnings controller task batch EP-289 GET /user-warnings/statistics EP-289 UTC08 security confirms getStatistics has no role metadata restriction","invocations":1,"location":null,"numPassingAsserts":2,"retryReasons":[],"startAt":1774771626031,"status":"passed","title":"EP-289 UTC08 security confirms getStatistics has no role metadata restriction"},{"ancestorTitles":["User warnings controller task batch","EP-290 GET /user-warnings/flagged-users"],"duration":1,"failing":false,"failureDetails":[],"failureMessages":[],"fullName":"User warnings controller task batch EP-290 GET /user-warnings/flagged-users EP-290 UTC01 happy path executes getFlaggedUsers with valid business inputs","invocations":1,"location":null,"numPassingAsserts":3,"retryReasons":[],"startAt":1774771626032,"status":"passed","title":"EP-290 UTC01 happy path executes getFlaggedUsers with valid business inputs"},{"ancestorTitles":["User warnings controller task batch","EP-290 GET /user-warnings/flagged-users"],"duration":1,"failing":false,"failureDetails":[],"failureMessages":[],"fullName":"User warnings controller task batch EP-290 GET /user-warnings/flagged-users EP-290 UTC02 edge case accepts alternate input set status=undefined, minSeverity=undefined, page=undefined","invocations":1,"location":null,"numPassingAsserts":3,"retryReasons":[],"startAt":1774771626033,"status":"passed","title":"EP-290 UTC02 edge case accepts alternate input set status=undefined, minSeverity=undefined, page=undefined"},{"ancestorTitles":["User warnings controller task batch","EP-290 GET /user-warnings/flagged-users"],"duration":1,"failing":false,"failureDetails":[],"failureMessages":[],"fullName":"User warnings controller task batch EP-290 GET /user-warnings/flagged-users EP-290 UTC03 edge case accepts secondary input set minSeverity=5, page=2, limit=10","invocations":1,"location":null,"numPassingAsserts":3,"retryReasons":[],"startAt":1774771626034,"status":"passed","title":"EP-290 UTC03 edge case accepts secondary input set minSeverity=5, page=2, limit=10"},{"ancestorTitles":["User warnings controller task batch","EP-290 GET /user-warnings/flagged-users"],"duration":2,"failing":false,"failureDetails":[],"failureMessages":[],"fullName":"User warnings controller task batch EP-290 GET /user-warnings/flagged-users EP-290 UTC04 validation rejects minSeverity must be an integer","invocations":1,"location":null,"numPassingAsserts":2,"retryReasons":[],"startAt":1774771626035,"status":"passed","title":"EP-290 UTC04 validation rejects minSeverity must be an integer"},{"ancestorTitles":["User warnings controller task batch","EP-290 GET /user-warnings/flagged-users"],"duration":1,"failing":false,"failureDetails":[],"failureMessages":[],"fullName":"User warnings controller task batch EP-290 GET /user-warnings/flagged-users EP-290 UTC05 validation returns not found when the target record is missing","invocations":1,"location":null,"numPassingAsserts":2,"retryReasons":[],"startAt":1774771626037,"status":"passed","title":"EP-290 UTC05 validation returns not found when the target record is missing"},{"ancestorTitles":["User warnings controller task batch","EP-290 GET /user-warnings/flagged-users"],"duration":1,"failing":false,"failureDetails":[],"failureMessages":[],"fullName":"User warnings controller task batch EP-290 GET /user-warnings/flagged-users EP-290 UTC06 validation propagates get flagged users service failures","invocations":1,"location":null,"numPassingAsserts":2,"retryReasons":[],"startAt":1774771626038,"status":"passed","title":"EP-290 UTC06 validation propagates get flagged users service failures"},{"ancestorTitles":["User warnings controller task batch","EP-290 GET /user-warnings/flagged-users"],"duration":0,"failing":false,"failureDetails":[],"failureMessages":[],"fullName":"User warnings controller task batch EP-290 GET /user-warnings/flagged-users EP-290 UTC07 security confirms getFlaggedUsers does not require JwtAuthGuard","invocations":1,"location":null,"numPassingAsserts":2,"retryReasons":[],"startAt":1774771626040,"status":"passed","title":"EP-290 UTC07 security confirms getFlaggedUsers does not require JwtAuthGuard"},{"ancestorTitles":["User warnings controller task batch","EP-290 GET /user-warnings/flagged-users"],"duration":1,"failing":false,"failureDetails":[],"failureMessages":[],"fullName":"User warnings controller task batch EP-290 GET /user-warnings/flagged-users EP-290 UTC08 security confirms getFlaggedUsers has no role metadata restriction","invocations":1,"location":null,"numPassingAsserts":2,"retryReasons":[],"startAt":1774771626040,"status":"passed","title":"EP-290 UTC08 security confirms getFlaggedUsers has no role metadata restriction"},{"ancestorTitles":["User warnings controller task batch","EP-291 GET /user-warnings/pending-appeals"],"duration":0,"failing":false,"failureDetails":[],"failureMessages":[],"fullName":"User warnings controller task batch EP-291 GET /user-warnings/pending-appeals EP-291 UTC01 happy path executes getPendingAppeals with valid business inputs","invocations":1,"location":null,"numPassingAsserts":3,"retryReasons":[],"startAt":1774771626041,"status":"passed","title":"EP-291 UTC01 happy path executes getPendingAppeals with valid business inputs"},{"ancestorTitles":["User warnings controller task batch","EP-291 GET /user-warnings/pending-appeals"],"duration":1,"failing":false,"failureDetails":[],"failureMessages":[],"fullName":"User warnings controller task batch EP-291 GET /user-warnings/pending-appeals EP-291 UTC02 edge case accepts alternate input set page=undefined, limit=undefined","invocations":1,"location":null,"numPassingAsserts":3,"retryReasons":[],"startAt":1774771626041,"status":"passed","title":"EP-291 UTC02 edge case accepts alternate input set page=undefined, limit=undefined"},{"ancestorTitles":["User warnings controller task batch","EP-291 GET /user-warnings/pending-appeals"],"duration":0,"failing":false,"failureDetails":[],"failureMessages":[],"fullName":"User warnings controller task batch EP-291 GET /user-warnings/pending-appeals EP-291 UTC03 edge case accepts secondary input set page=2, limit=5","invocations":1,"location":null,"numPassingAsserts":3,"retryReasons":[],"startAt":1774771626042,"status":"passed","title":"EP-291 UTC03 edge case accepts secondary input set page=2, limit=5"},{"ancestorTitles":["User warnings controller task batch","EP-291 GET /user-warnings/pending-appeals"],"duration":0,"failing":false,"failureDetails":[],"failureMessages":[],"fullName":"User warnings controller task batch EP-291 GET /user-warnings/pending-appeals EP-291 UTC04 validation rejects page must be an integer","invocations":1,"location":null,"numPassingAsserts":2,"retryReasons":[],"startAt":1774771626043,"status":"passed","title":"EP-291 UTC04 validation rejects page must be an integer"},{"ancestorTitles":["User warnings controller task batch","EP-291 GET /user-warnings/pending-appeals"],"duration":1,"failing":false,"failureDetails":[],"failureMessages":[],"fullName":"User warnings controller task batch EP-291 GET /user-warnings/pending-appeals EP-291 UTC05 validation returns not found when the target record is missing","invocations":1,"location":null,"numPassingAsserts":2,"retryReasons":[],"startAt":1774771626043,"status":"passed","title":"EP-291 UTC05 validation returns not found when the target record is missing"},{"ancestorTitles":["User warnings controller task batch","EP-291 GET /user-warnings/pending-appeals"],"duration":1,"failing":false,"failureDetails":[],"failureMessages":[],"fullName":"User warnings controller task batch EP-291 GET /user-warnings/pending-appeals EP-291 UTC06 validation propagates get pending appeals service failures","invocations":1,"location":null,"numPassingAsserts":2,"retryReasons":[],"startAt":1774771626044,"status":"passed","title":"EP-291 UTC06 validation propagates get pending appeals service failures"},{"ancestorTitles":["User warnings controller task batch","EP-291 GET /user-warnings/pending-appeals"],"duration":0,"failing":false,"failureDetails":[],"failureMessages":[],"fullName":"User warnings controller task batch EP-291 GET /user-warnings/pending-appeals EP-291 UTC07 security confirms getPendingAppeals does not require JwtAuthGuard","invocations":1,"location":null,"numPassingAsserts":2,"retryReasons":[],"startAt":1774771626045,"status":"passed","title":"EP-291 UTC07 security confirms getPendingAppeals does not require JwtAuthGuard"},{"ancestorTitles":["User warnings controller task batch","EP-291 GET /user-warnings/pending-appeals"],"duration":0,"failing":false,"failureDetails":[],"failureMessages":[],"fullName":"User warnings controller task batch EP-291 GET /user-warnings/pending-appeals EP-291 UTC08 security confirms getPendingAppeals has no role metadata restriction","invocations":1,"location":null,"numPassingAsserts":2,"retryReasons":[],"startAt":1774771626045,"status":"passed","title":"EP-291 UTC08 security confirms getPendingAppeals has no role metadata restriction"},{"ancestorTitles":["User warnings controller task batch","EP-292 POST /user-warnings/users/:userId/flags"],"duration":1,"failing":false,"failureDetails":[],"failureMessages":[],"fullName":"User warnings controller task batch EP-292 POST /user-warnings/users/:userId/flags EP-292 UTC01 happy path executes createFlag with valid business inputs","invocations":1,"location":null,"numPassingAsserts":3,"retryReasons":[],"startAt":1774771626045,"status":"passed","title":"EP-292 UTC01 happy path executes createFlag with valid business inputs"},{"ancestorTitles":["User warnings controller task batch","EP-292 POST /user-warnings/users/:userId/flags"],"duration":0,"failing":false,"failureDetails":[],"failureMessages":[],"fullName":"User warnings controller task batch EP-292 POST /user-warnings/users/:userId/flags EP-292 UTC02 edge case accepts alternate input set userId=\"22222222-2222-4222-8222-222222222222\", type=\"MANUAL_WARNING\", description=\"Manual warning created by admin\"","invocations":1,"location":null,"numPassingAsserts":3,"retryReasons":[],"startAt":1774771626046,"status":"passed","title":"EP-292 UTC02 edge case accepts alternate input set userId=\"22222222-2222-4222-8222-222222222222\", type=\"MANUAL_WARNING\", description=\"Manual warning created by admin\""},{"ancestorTitles":["User warnings controller task batch","EP-292 POST /user-warnings/users/:userId/flags"],"duration":1,"failing":false,"failureDetails":[],"failureMessages":[],"fullName":"User warnings controller task batch EP-292 POST /user-warnings/users/:userId/flags EP-292 UTC03 edge case accepts secondary input set userId=\"33333333-3333-4333-8333-333333333333\", type=\"UNDER_INVESTIGATION\", description=\"Risk under investigation\"","invocations":1,"location":null,"numPassingAsserts":3,"retryReasons":[],"startAt":1774771626046,"status":"passed","title":"EP-292 UTC03 edge case accepts secondary input set userId=\"33333333-3333-4333-8333-333333333333\", type=\"UNDER_INVESTIGATION\", description=\"Risk under investigation\""},{"ancestorTitles":["User warnings controller task batch","EP-292 POST /user-warnings/users/:userId/flags"],"duration":3,"failing":false,"failureDetails":[],"failureMessages":[],"fullName":"User warnings controller task batch EP-292 POST /user-warnings/users/:userId/flags EP-292 UTC04 validation rejects type fails DTO validation","invocations":1,"location":null,"numPassingAsserts":2,"retryReasons":[],"startAt":1774771626047,"status":"passed","title":"EP-292 UTC04 validation rejects type fails DTO validation"},{"ancestorTitles":["User warnings controller task batch","EP-292 POST /user-warnings/users/:userId/flags"],"duration":0,"failing":false,"failureDetails":[],"failureMessages":[],"fullName":"User warnings controller task batch EP-292 POST /user-warnings/users/:userId/flags EP-292 UTC05 validation returns not found when the target record is missing","invocations":1,"location":null,"numPassingAsserts":2,"retryReasons":[],"startAt":1774771626050,"status":"passed","title":"EP-292 UTC05 validation returns not found when the target record is missing"},{"ancestorTitles":["User warnings controller task batch","EP-292 POST /user-warnings/users/:userId/flags"],"duration":0,"failing":false,"failureDetails":[],"failureMessages":[],"fullName":"User warnings controller task batch EP-292 POST /user-warnings/users/:userId/flags EP-292 UTC06 validation propagates create flag service failures","invocations":1,"location":null,"numPassingAsserts":2,"retryReasons":[],"startAt":1774771626051,"status":"passed","title":"EP-292 UTC06 validation propagates create flag service failures"},{"ancestorTitles":["User warnings controller task batch","EP-292 POST /user-warnings/users/:userId/flags"],"duration":1,"failing":false,"failureDetails":[],"failureMessages":[],"fullName":"User warnings controller task batch EP-292 POST /user-warnings/users/:userId/flags EP-292 UTC07 security confirms createFlag does not require JwtAuthGuard","invocations":1,"location":null,"numPassingAsserts":2,"retryReasons":[],"startAt":1774771626051,"status":"passed","title":"EP-292 UTC07 security confirms createFlag does not require JwtAuthGuard"},{"ancestorTitles":["User warnings controller task batch","EP-292 POST /user-warnings/users/:userId/flags"],"duration":1,"failing":false,"failureDetails":[],"failureMessages":[],"fullName":"User warnings controller task batch EP-292 POST /user-warnings/users/:userId/flags EP-292 UTC08 security falls back to system-scoped moderation handling when auth context is absent","invocations":1,"location":null,"numPassingAsserts":2,"retryReasons":[],"startAt":1774771626052,"status":"passed","title":"EP-292 UTC08 security falls back to system-scoped moderation handling when auth context is absent"},{"ancestorTitles":["User warnings controller task batch","EP-293 PUT /user-warnings/flags/:flagId"],"duration":1,"failing":false,"failureDetails":[],"failureMessages":[],"fullName":"User warnings controller task batch EP-293 PUT /user-warnings/flags/:flagId EP-293 UTC01 happy path executes updateFlag with valid business inputs","invocations":1,"location":null,"numPassingAsserts":3,"retryReasons":[],"startAt":1774771626053,"status":"passed","title":"EP-293 UTC01 happy path executes updateFlag with valid business inputs"},{"ancestorTitles":["User warnings controller task batch","EP-293 PUT /user-warnings/flags/:flagId"],"duration":1,"failing":false,"failureDetails":[],"failureMessages":[],"fullName":"User warnings controller task batch EP-293 PUT /user-warnings/flags/:flagId EP-293 UTC02 edge case accepts alternate input set flagId=\"22222222-2222-4222-8222-222222222222\", status=\"ACTIVE\", severity=undefined","invocations":1,"location":null,"numPassingAsserts":3,"retryReasons":[],"startAt":1774771626055,"status":"passed","title":"EP-293 UTC02 edge case accepts alternate input set flagId=\"22222222-2222-4222-8222-222222222222\", status=\"ACTIVE\", severity=undefined"},{"ancestorTitles":["User warnings controller task batch","EP-293 PUT /user-warnings/flags/:flagId"],"duration":1,"failing":false,"failureDetails":[],"failureMessages":[],"fullName":"User warnings controller task batch EP-293 PUT /user-warnings/flags/:flagId EP-293 UTC03 edge case accepts secondary input set flagId=\"33333333-3333-4333-8333-333333333333\", status=undefined, severity=5","invocations":1,"location":null,"numPassingAsserts":3,"retryReasons":[],"startAt":1774771626056,"status":"passed","title":"EP-293 UTC03 edge case accepts secondary input set flagId=\"33333333-3333-4333-8333-333333333333\", status=undefined, severity=5"},{"ancestorTitles":["User warnings controller task batch","EP-293 PUT /user-warnings/flags/:flagId"],"duration":1,"failing":false,"failureDetails":[],"failureMessages":[],"fullName":"User warnings controller task batch EP-293 PUT /user-warnings/flags/:flagId EP-293 UTC04 validation rejects severity fails DTO validation","invocations":1,"location":null,"numPassingAsserts":2,"retryReasons":[],"startAt":1774771626057,"status":"passed","title":"EP-293 UTC04 validation rejects severity fails DTO validation"},{"ancestorTitles":["User warnings controller task batch","EP-293 PUT /user-warnings/flags/:flagId"],"duration":1,"failing":false,"failureDetails":[],"failureMessages":[],"fullName":"User warnings controller task batch EP-293 PUT /user-warnings/flags/:flagId EP-293 UTC05 validation returns not found when the target record is missing","invocations":1,"location":null,"numPassingAsserts":2,"retryReasons":[],"startAt":1774771626058,"status":"passed","title":"EP-293 UTC05 validation returns not found when the target record is missing"},{"ancestorTitles":["User warnings controller task batch","EP-293 PUT /user-warnings/flags/:flagId"],"duration":1,"failing":false,"failureDetails":[],"failureMessages":[],"fullName":"User warnings controller task batch EP-293 PUT /user-warnings/flags/:flagId EP-293 UTC06 validation propagates update flag service failures","invocations":1,"location":null,"numPassingAsserts":2,"retryReasons":[],"startAt":1774771626059,"status":"passed","title":"EP-293 UTC06 validation propagates update flag service failures"},{"ancestorTitles":["User warnings controller task batch","EP-293 PUT /user-warnings/flags/:flagId"],"duration":0,"failing":false,"failureDetails":[],"failureMessages":[],"fullName":"User warnings controller task batch EP-293 PUT /user-warnings/flags/:flagId EP-293 UTC07 security confirms updateFlag does not require JwtAuthGuard","invocations":1,"location":null,"numPassingAsserts":2,"retryReasons":[],"startAt":1774771626060,"status":"passed","title":"EP-293 UTC07 security confirms updateFlag does not require JwtAuthGuard"},{"ancestorTitles":["User warnings controller task batch","EP-293 PUT /user-warnings/flags/:flagId"],"duration":0,"failing":false,"failureDetails":[],"failureMessages":[],"fullName":"User warnings controller task batch EP-293 PUT /user-warnings/flags/:flagId EP-293 UTC08 security falls back to system-scoped moderation handling when auth context is absent","invocations":1,"location":null,"numPassingAsserts":2,"retryReasons":[],"startAt":1774771626060,"status":"passed","title":"EP-293 UTC08 security falls back to system-scoped moderation handling when auth context is absent"},{"ancestorTitles":["User warnings controller task batch","EP-294 PUT /user-warnings/flags/:flagId/resolve-appeal"],"duration":1,"failing":false,"failureDetails":[],"failureMessages":[],"fullName":"User warnings controller task batch EP-294 PUT /user-warnings/flags/:flagId/resolve-appeal EP-294 UTC01 happy path executes resolveAppeal with valid business inputs","invocations":1,"location":null,"numPassingAsserts":3,"retryReasons":[],"startAt":1774771626060,"status":"passed","title":"EP-294 UTC01 happy path executes resolveAppeal with valid business inputs"},{"ancestorTitles":["User warnings controller task batch","EP-294 PUT /user-warnings/flags/:flagId/resolve-appeal"],"duration":0,"failing":false,"failureDetails":[],"failureMessages":[],"fullName":"User warnings controller task batch EP-294 PUT /user-warnings/flags/:flagId/resolve-appeal EP-294 UTC02 edge case accepts alternate input set flagId=\"22222222-2222-4222-8222-222222222222\", accepted=false, resolution=\"Appeal rejected\"","invocations":1,"location":null,"numPassingAsserts":3,"retryReasons":[],"startAt":1774771626061,"status":"passed","title":"EP-294 UTC02 edge case accepts alternate input set flagId=\"22222222-2222-4222-8222-222222222222\", accepted=false, resolution=\"Appeal rejected\""},{"ancestorTitles":["User warnings controller task batch","EP-294 PUT /user-warnings/flags/:flagId/resolve-appeal"],"duration":1,"failing":false,"failureDetails":[],"failureMessages":[],"fullName":"User warnings controller task batch EP-294 PUT /user-warnings/flags/:flagId/resolve-appeal EP-294 UTC03 edge case accepts secondary input set flagId=\"33333333-3333-4333-8333-333333333333\", resolution=\"Appeal accepted after review\"","invocations":1,"location":null,"numPassingAsserts":3,"retryReasons":[],"startAt":1774771626061,"status":"passed","title":"EP-294 UTC03 edge case accepts secondary input set flagId=\"33333333-3333-4333-8333-333333333333\", resolution=\"Appeal accepted after review\""},{"ancestorTitles":["User warnings controller task batch","EP-294 PUT /user-warnings/flags/:flagId/resolve-appeal"],"duration":0,"failing":false,"failureDetails":[],"failureMessages":[],"fullName":"User warnings controller task batch EP-294 PUT /user-warnings/flags/:flagId/resolve-appeal EP-294 UTC04 validation rejects Invalid Resolve Appeal payload","invocations":1,"location":null,"numPassingAsserts":2,"retryReasons":[],"startAt":1774771626062,"status":"passed","title":"EP-294 UTC04 validation rejects Invalid Resolve Appeal payload"},{"ancestorTitles":["User warnings controller task batch","EP-294 PUT /user-warnings/flags/:flagId/resolve-appeal"],"duration":3,"failing":false,"failureDetails":[],"failureMessages":[],"fullName":"User warnings controller task batch EP-294 PUT /user-warnings/flags/:flagId/resolve-appeal EP-294 UTC05 validation returns not found when the target record is missing","invocations":1,"location":null,"numPassingAsserts":2,"retryReasons":[],"startAt":1774771626062,"status":"passed","title":"EP-294 UTC05 validation returns not found when the target record is missing"},{"ancestorTitles":["User warnings controller task batch","EP-294 PUT /user-warnings/flags/:flagId/resolve-appeal"],"duration":0,"failing":false,"failureDetails":[],"failureMessages":[],"fullName":"User warnings controller task batch EP-294 PUT /user-warnings/flags/:flagId/resolve-appeal EP-294 UTC06 validation propagates resolve appeal service failures","invocations":1,"location":null,"numPassingAsserts":2,"retryReasons":[],"startAt":1774771626065,"status":"passed","title":"EP-294 UTC06 validation propagates resolve appeal service failures"},{"ancestorTitles":["User warnings controller task batch","EP-294 PUT /user-warnings/flags/:flagId/resolve-appeal"],"duration":0,"failing":false,"failureDetails":[],"failureMessages":[],"fullName":"User warnings controller task batch EP-294 PUT /user-warnings/flags/:flagId/resolve-appeal EP-294 UTC07 security confirms resolveAppeal does not require JwtAuthGuard","invocations":1,"location":null,"numPassingAsserts":2,"retryReasons":[],"startAt":1774771626066,"status":"passed","title":"EP-294 UTC07 security confirms resolveAppeal does not require JwtAuthGuard"},{"ancestorTitles":["User warnings controller task batch","EP-294 PUT /user-warnings/flags/:flagId/resolve-appeal"],"duration":0,"failing":false,"failureDetails":[],"failureMessages":[],"fullName":"User warnings controller task batch EP-294 PUT /user-warnings/flags/:flagId/resolve-appeal EP-294 UTC08 security falls back to system-scoped moderation handling when auth context is absent","invocations":1,"location":null,"numPassingAsserts":2,"retryReasons":[],"startAt":1774771626066,"status":"passed","title":"EP-294 UTC08 security falls back to system-scoped moderation handling when auth context is absent"},{"ancestorTitles":["User warnings controller task batch","EP-295 GET /user-warnings/my-flags"],"duration":1,"failing":false,"failureDetails":[],"failureMessages":[],"fullName":"User warnings controller task batch EP-295 GET /user-warnings/my-flags EP-295 UTC01 happy path executes getMyFlags with valid business inputs","invocations":1,"location":null,"numPassingAsserts":3,"retryReasons":[],"startAt":1774771626066,"status":"passed","title":"EP-295 UTC01 happy path executes getMyFlags with valid business inputs"},{"ancestorTitles":["User warnings controller task batch","EP-295 GET /user-warnings/my-flags"],"duration":1,"failing":false,"failureDetails":[],"failureMessages":[],"fullName":"User warnings controller task batch EP-295 GET /user-warnings/my-flags EP-295 UTC02 edge case accepts alternate input set for boundary coverage","invocations":1,"location":null,"numPassingAsserts":3,"retryReasons":[],"startAt":1774771626067,"status":"passed","title":"EP-295 UTC02 edge case accepts alternate input set for boundary coverage"},{"ancestorTitles":["User warnings controller task batch","EP-295 GET /user-warnings/my-flags"],"duration":0,"failing":false,"failureDetails":[],"failureMessages":[],"fullName":"User warnings controller task batch EP-295 GET /user-warnings/my-flags EP-295 UTC03 edge case accepts secondary input set includeResolved=true","invocations":1,"location":null,"numPassingAsserts":3,"retryReasons":[],"startAt":1774771626068,"status":"passed","title":"EP-295 UTC03 edge case accepts secondary input set includeResolved=true"},{"ancestorTitles":["User warnings controller task batch","EP-295 GET /user-warnings/my-flags"],"duration":1,"failing":false,"failureDetails":[],"failureMessages":[],"fullName":"User warnings controller task batch EP-295 GET /user-warnings/my-flags EP-295 UTC04 validation rejects includeResolved must be a boolean","invocations":1,"location":null,"numPassingAsserts":2,"retryReasons":[],"startAt":1774771626068,"status":"passed","title":"EP-295 UTC04 validation rejects includeResolved must be a boolean"},{"ancestorTitles":["User warnings controller task batch","EP-295 GET /user-warnings/my-flags"],"duration":1,"failing":false,"failureDetails":[],"failureMessages":[],"fullName":"User warnings controller task batch EP-295 GET /user-warnings/my-flags EP-295 UTC05 validation returns not found when the target record is missing","invocations":1,"location":null,"numPassingAsserts":2,"retryReasons":[],"startAt":1774771626069,"status":"passed","title":"EP-295 UTC05 validation returns not found when the target record is missing"},{"ancestorTitles":["User warnings controller task batch","EP-295 GET /user-warnings/my-flags"],"duration":1,"failing":false,"failureDetails":[],"failureMessages":[],"fullName":"User warnings controller task batch EP-295 GET /user-warnings/my-flags EP-295 UTC06 validation propagates get my flags service failures","invocations":1,"location":null,"numPassingAsserts":2,"retryReasons":[],"startAt":1774771626070,"status":"passed","title":"EP-295 UTC06 validation propagates get my flags service failures"},{"ancestorTitles":["User warnings controller task batch","EP-295 GET /user-warnings/my-flags"],"duration":0,"failing":false,"failureDetails":[],"failureMessages":[],"fullName":"User warnings controller task batch EP-295 GET /user-warnings/my-flags EP-295 UTC07 security handles missing user context for getMyFlags","invocations":1,"location":null,"numPassingAsserts":2,"retryReasons":[],"startAt":1774771626071,"status":"passed","title":"EP-295 UTC07 security handles missing user context for getMyFlags"},{"ancestorTitles":["User warnings controller task batch","EP-295 GET /user-warnings/my-flags"],"duration":0,"failing":false,"failureDetails":[],"failureMessages":[],"fullName":"User warnings controller task batch EP-295 GET /user-warnings/my-flags EP-295 UTC08 security confirms getMyFlags has no role metadata restriction","invocations":1,"location":null,"numPassingAsserts":2,"retryReasons":[],"startAt":1774771626071,"status":"passed","title":"EP-295 UTC08 security confirms getMyFlags has no role metadata restriction"},{"ancestorTitles":["User warnings controller task batch","EP-296 POST /user-warnings/flags/:flagId/appeal"],"duration":0,"failing":false,"failureDetails":[],"failureMessages":[],"fullName":"User warnings controller task batch EP-296 POST /user-warnings/flags/:flagId/appeal EP-296 UTC01 happy path executes appealFlag with valid business inputs","invocations":1,"location":null,"numPassingAsserts":3,"retryReasons":[],"startAt":1774771626072,"status":"passed","title":"EP-296 UTC01 happy path executes appealFlag with valid business inputs"},{"ancestorTitles":["User warnings controller task batch","EP-296 POST /user-warnings/flags/:flagId/appeal"],"duration":1,"failing":false,"failureDetails":[],"failureMessages":[],"fullName":"User warnings controller task batch EP-296 POST /user-warnings/flags/:flagId/appeal EP-296 UTC02 edge case accepts alternate input set flagId=\"22222222-2222-4222-8222-222222222222\", reason=\"Need reconsideration\", evidence=undefined","invocations":1,"location":null,"numPassingAsserts":3,"retryReasons":[],"startAt":1774771626072,"status":"passed","title":"EP-296 UTC02 edge case accepts alternate input set flagId=\"22222222-2222-4222-8222-222222222222\", reason=\"Need reconsideration\", evidence=undefined"},{"ancestorTitles":["User warnings controller task batch","EP-296 POST /user-warnings/flags/:flagId/appeal"],"duration":0,"failing":false,"failureDetails":[],"failureMessages":[],"fullName":"User warnings controller task batch EP-296 POST /user-warnings/flags/:flagId/appeal EP-296 UTC03 edge case accepts secondary input set flagId=\"33333333-3333-4333-8333-333333333333\", reason=\"Evidence attached\", evidence=[\"log-1\", \"log-2\"]","invocations":1,"location":null,"numPassingAsserts":3,"retryReasons":[],"startAt":1774771626073,"status":"passed","title":"EP-296 UTC03 edge case accepts secondary input set flagId=\"33333333-3333-4333-8333-333333333333\", reason=\"Evidence attached\", evidence=[\"log-1\", \"log-2\"]"},{"ancestorTitles":["User warnings controller task batch","EP-296 POST /user-warnings/flags/:flagId/appeal"],"duration":1,"failing":false,"failureDetails":[],"failureMessages":[],"fullName":"User warnings controller task batch EP-296 POST /user-warnings/flags/:flagId/appeal EP-296 UTC04 validation rejects reason fails DTO validation","invocations":1,"location":null,"numPassingAsserts":2,"retryReasons":[],"startAt":1774771626073,"status":"passed","title":"EP-296 UTC04 validation rejects reason fails DTO validation"},{"ancestorTitles":["User warnings controller task batch","EP-296 POST /user-warnings/flags/:flagId/appeal"],"duration":0,"failing":false,"failureDetails":[],"failureMessages":[],"fullName":"User warnings controller task batch EP-296 POST /user-warnings/flags/:flagId/appeal EP-296 UTC05 validation returns not found when the target record is missing","invocations":1,"location":null,"numPassingAsserts":2,"retryReasons":[],"startAt":1774771626074,"status":"passed","title":"EP-296 UTC05 validation returns not found when the target record is missing"},{"ancestorTitles":["User warnings controller task batch","EP-296 POST /user-warnings/flags/:flagId/appeal"],"duration":1,"failing":false,"failureDetails":[],"failureMessages":[],"fullName":"User warnings controller task batch EP-296 POST /user-warnings/flags/:flagId/appeal EP-296 UTC06 validation propagates appeal flag service failures","invocations":1,"location":null,"numPassingAsserts":2,"retryReasons":[],"startAt":1774771626074,"status":"passed","title":"EP-296 UTC06 validation propagates appeal flag service failures"},{"ancestorTitles":["User warnings controller task batch","EP-296 POST /user-warnings/flags/:flagId/appeal"],"duration":0,"failing":false,"failureDetails":[],"failureMessages":[],"fullName":"User warnings controller task batch EP-296 POST /user-warnings/flags/:flagId/appeal EP-296 UTC07 security handles missing user context for appealFlag","invocations":1,"location":null,"numPassingAsserts":2,"retryReasons":[],"startAt":1774771626075,"status":"passed","title":"EP-296 UTC07 security handles missing user context for appealFlag"},{"ancestorTitles":["User warnings controller task batch","EP-296 POST /user-warnings/flags/:flagId/appeal"],"duration":1,"failing":false,"failureDetails":[],"failureMessages":[],"fullName":"User warnings controller task batch EP-296 POST /user-warnings/flags/:flagId/appeal EP-296 UTC08 security confirms appealFlag has no role metadata restriction","invocations":1,"location":null,"numPassingAsserts":2,"retryReasons":[],"startAt":1774771626075,"status":"passed","title":"EP-296 UTC08 security confirms appealFlag has no role metadata restriction"},{"ancestorTitles":["User warnings controller task batch","EP-297 GET /user-warnings/users/:userId/flags"],"duration":0,"failing":false,"failureDetails":[],"failureMessages":[],"fullName":"User warnings controller task batch EP-297 GET /user-warnings/users/:userId/flags EP-297 UTC01 happy path executes getUserFlags with valid business inputs","invocations":1,"location":null,"numPassingAsserts":3,"retryReasons":[],"startAt":1774771626076,"status":"passed","title":"EP-297 UTC01 happy path executes getUserFlags with valid business inputs"},{"ancestorTitles":["User warnings controller task batch","EP-297 GET /user-warnings/users/:userId/flags"],"duration":1,"failing":false,"failureDetails":[],"failureMessages":[],"fullName":"User warnings controller task batch EP-297 GET /user-warnings/users/:userId/flags EP-297 UTC02 edge case accepts alternate input set userId=\"22222222-2222-4222-8222-222222222222\"","invocations":1,"location":null,"numPassingAsserts":3,"retryReasons":[],"startAt":1774771626076,"status":"passed","title":"EP-297 UTC02 edge case accepts alternate input set userId=\"22222222-2222-4222-8222-222222222222\""},{"ancestorTitles":["User warnings controller task batch","EP-297 GET /user-warnings/users/:userId/flags"],"duration":0,"failing":false,"failureDetails":[],"failureMessages":[],"fullName":"User warnings controller task batch EP-297 GET /user-warnings/users/:userId/flags EP-297 UTC03 edge case accepts secondary input set userId=\"33333333-3333-4333-8333-333333333333\", includeResolved=true","invocations":1,"location":null,"numPassingAsserts":3,"retryReasons":[],"startAt":1774771626077,"status":"passed","title":"EP-297 UTC03 edge case accepts secondary input set userId=\"33333333-3333-4333-8333-333333333333\", includeResolved=true"},{"ancestorTitles":["User warnings controller task batch","EP-297 GET /user-warnings/users/:userId/flags"],"duration":1,"failing":false,"failureDetails":[],"failureMessages":[],"fullName":"User warnings controller task batch EP-297 GET /user-warnings/users/:userId/flags EP-297 UTC04 validation rejects includeResolved must be a boolean","invocations":1,"location":null,"numPassingAsserts":2,"retryReasons":[],"startAt":1774771626077,"status":"passed","title":"EP-297 UTC04 validation rejects includeResolved must be a boolean"},{"ancestorTitles":["User warnings controller task batch","EP-297 GET /user-warnings/users/:userId/flags"],"duration":0,"failing":false,"failureDetails":[],"failureMessages":[],"fullName":"User warnings controller task batch EP-297 GET /user-warnings/users/:userId/flags EP-297 UTC05 validation returns not found when the target record is missing","invocations":1,"location":null,"numPassingAsserts":2,"retryReasons":[],"startAt":1774771626078,"status":"passed","title":"EP-297 UTC05 validation returns not found when the target record is missing"},{"ancestorTitles":["User warnings controller task batch","EP-297 GET /user-warnings/users/:userId/flags"],"duration":0,"failing":false,"failureDetails":[],"failureMessages":[],"fullName":"User warnings controller task batch EP-297 GET /user-warnings/users/:userId/flags EP-297 UTC06 validation propagates get user flags service failures","invocations":1,"location":null,"numPassingAsserts":2,"retryReasons":[],"startAt":1774771626079,"status":"passed","title":"EP-297 UTC06 validation propagates get user flags service failures"},{"ancestorTitles":["User warnings controller task batch","EP-297 GET /user-warnings/users/:userId/flags"],"duration":0,"failing":false,"failureDetails":[],"failureMessages":[],"fullName":"User warnings controller task batch EP-297 GET /user-warnings/users/:userId/flags EP-297 UTC07 security confirms getUserFlags does not require JwtAuthGuard","invocations":1,"location":null,"numPassingAsserts":2,"retryReasons":[],"startAt":1774771626079,"status":"passed","title":"EP-297 UTC07 security confirms getUserFlags does not require JwtAuthGuard"},{"ancestorTitles":["User warnings controller task batch","EP-297 GET /user-warnings/users/:userId/flags"],"duration":1,"failing":false,"failureDetails":[],"failureMessages":[],"fullName":"User warnings controller task batch EP-297 GET /user-warnings/users/:userId/flags EP-297 UTC08 security confirms getUserFlags has no role metadata restriction","invocations":1,"location":null,"numPassingAsserts":2,"retryReasons":[],"startAt":1774771626079,"status":"passed","title":"EP-297 UTC08 security confirms getUserFlags has no role metadata restriction"},{"ancestorTitles":["User warnings controller task batch","EP-298 GET /user-warnings/users/:userId/warning-status"],"duration":0,"failing":false,"failureDetails":[],"failureMessages":[],"fullName":"User warnings controller task batch EP-298 GET /user-warnings/users/:userId/warning-status EP-298 UTC01 happy path executes getWarningStatus with valid business inputs","invocations":1,"location":null,"numPassingAsserts":3,"retryReasons":[],"startAt":1774771626080,"status":"passed","title":"EP-298 UTC01 happy path executes getWarningStatus with valid business inputs"},{"ancestorTitles":["User warnings controller task batch","EP-298 GET /user-warnings/users/:userId/warning-status"],"duration":1,"failing":false,"failureDetails":[],"failureMessages":[],"fullName":"User warnings controller task batch EP-298 GET /user-warnings/users/:userId/warning-status EP-298 UTC02 edge case accepts alternate input set userId=\"22222222-2222-4222-8222-222222222222\"","invocations":1,"location":null,"numPassingAsserts":3,"retryReasons":[],"startAt":1774771626080,"status":"passed","title":"EP-298 UTC02 edge case accepts alternate input set userId=\"22222222-2222-4222-8222-222222222222\""},{"ancestorTitles":["User warnings controller task batch","EP-298 GET /user-warnings/users/:userId/warning-status"],"duration":0,"failing":false,"failureDetails":[],"failureMessages":[],"fullName":"User warnings controller task batch EP-298 GET /user-warnings/users/:userId/warning-status EP-298 UTC03 edge case accepts secondary input set userId=\"33333333-3333-4333-8333-333333333333\"","invocations":1,"location":null,"numPassingAsserts":3,"retryReasons":[],"startAt":1774771626081,"status":"passed","title":"EP-298 UTC03 edge case accepts secondary input set userId=\"33333333-3333-4333-8333-333333333333\""},{"ancestorTitles":["User warnings controller task batch","EP-298 GET /user-warnings/users/:userId/warning-status"],"duration":1,"failing":false,"failureDetails":[],"failureMessages":[],"fullName":"User warnings controller task batch EP-298 GET /user-warnings/users/:userId/warning-status EP-298 UTC04 validation rejects Invalid Get Warning Status payload","invocations":1,"location":null,"numPassingAsserts":2,"retryReasons":[],"startAt":1774771626081,"status":"passed","title":"EP-298 UTC04 validation rejects Invalid Get Warning Status payload"},{"ancestorTitles":["User warnings controller task batch","EP-298 GET /user-warnings/users/:userId/warning-status"],"duration":0,"failing":false,"failureDetails":[],"failureMessages":[],"fullName":"User warnings controller task batch EP-298 GET /user-warnings/users/:userId/warning-status EP-298 UTC05 validation returns not found when the target record is missing","invocations":1,"location":null,"numPassingAsserts":2,"retryReasons":[],"startAt":1774771626082,"status":"passed","title":"EP-298 UTC05 validation returns not found when the target record is missing"},{"ancestorTitles":["User warnings controller task batch","EP-298 GET /user-warnings/users/:userId/warning-status"],"duration":0,"failing":false,"failureDetails":[],"failureMessages":[],"fullName":"User warnings controller task batch EP-298 GET /user-warnings/users/:userId/warning-status EP-298 UTC06 validation propagates get warning status service failures","invocations":1,"location":null,"numPassingAsserts":2,"retryReasons":[],"startAt":1774771626083,"status":"passed","title":"EP-298 UTC06 validation propagates get warning status service failures"},{"ancestorTitles":["User warnings controller task batch","EP-298 GET /user-warnings/users/:userId/warning-status"],"duration":1,"failing":false,"failureDetails":[],"failureMessages":[],"fullName":"User warnings controller task batch EP-298 GET /user-warnings/users/:userId/warning-status EP-298 UTC07 security confirms getWarningStatus does not require JwtAuthGuard","invocations":1,"location":null,"numPassingAsserts":2,"retryReasons":[],"startAt":1774771626083,"status":"passed","title":"EP-298 UTC07 security confirms getWarningStatus does not require JwtAuthGuard"},{"ancestorTitles":["User warnings controller task batch","EP-298 GET /user-warnings/users/:userId/warning-status"],"duration":0,"failing":false,"failureDetails":[],"failureMessages":[],"fullName":"User warnings controller task batch EP-298 GET /user-warnings/users/:userId/warning-status EP-298 UTC08 security confirms getWarningStatus has no role metadata restriction","invocations":1,"location":null,"numPassingAsserts":2,"retryReasons":[],"startAt":1774771626084,"status":"passed","title":"EP-298 UTC08 security confirms getWarningStatus has no role metadata restriction"},{"ancestorTitles":["User warnings controller task batch","EP-299 POST /user-warnings/users/:userId/check-performance"],"duration":0,"failing":false,"failureDetails":[],"failureMessages":[],"fullName":"User warnings controller task batch EP-299 POST /user-warnings/users/:userId/check-performance EP-299 UTC01 happy path executes checkPerformanceFlags with valid business inputs","invocations":1,"location":null,"numPassingAsserts":3,"retryReasons":[],"startAt":1774771626084,"status":"passed","title":"EP-299 UTC01 happy path executes checkPerformanceFlags with valid business inputs"},{"ancestorTitles":["User warnings controller task batch","EP-299 POST /user-warnings/users/:userId/check-performance"],"duration":1,"failing":false,"failureDetails":[],"failureMessages":[],"fullName":"User warnings controller task batch EP-299 POST /user-warnings/users/:userId/check-performance EP-299 UTC02 edge case accepts alternate input set userId=\"22222222-2222-4222-8222-222222222222\"","invocations":1,"location":null,"numPassingAsserts":3,"retryReasons":[],"startAt":1774771626084,"status":"passed","title":"EP-299 UTC02 edge case accepts alternate input set userId=\"22222222-2222-4222-8222-222222222222\""},{"ancestorTitles":["User warnings controller task batch","EP-299 POST /user-warnings/users/:userId/check-performance"],"duration":0,"failing":false,"failureDetails":[],"failureMessages":[],"fullName":"User warnings controller task batch EP-299 POST /user-warnings/users/:userId/check-performance EP-299 UTC03 edge case accepts secondary input set userId=\"33333333-3333-4333-8333-333333333333\"","invocations":1,"location":null,"numPassingAsserts":3,"retryReasons":[],"startAt":1774771626085,"status":"passed","title":"EP-299 UTC03 edge case accepts secondary input set userId=\"33333333-3333-4333-8333-333333333333\""},{"ancestorTitles":["User warnings controller task batch","EP-299 POST /user-warnings/users/:userId/check-performance"],"duration":1,"failing":false,"failureDetails":[],"failureMessages":[],"fullName":"User warnings controller task batch EP-299 POST /user-warnings/users/:userId/check-performance EP-299 UTC04 validation rejects Invalid Check Performance Flags payload","invocations":1,"location":null,"numPassingAsserts":2,"retryReasons":[],"startAt":1774771626085,"status":"passed","title":"EP-299 UTC04 validation rejects Invalid Check Performance Flags payload"},{"ancestorTitles":["User warnings controller task batch","EP-299 POST /user-warnings/users/:userId/check-performance"],"duration":1,"failing":false,"failureDetails":[],"failureMessages":[],"fullName":"User warnings controller task batch EP-299 POST /user-warnings/users/:userId/check-performance EP-299 UTC05 validation returns not found when the target record is missing","invocations":1,"location":null,"numPassingAsserts":2,"retryReasons":[],"startAt":1774771626086,"status":"passed","title":"EP-299 UTC05 validation returns not found when the target record is missing"},{"ancestorTitles":["User warnings controller task batch","EP-299 POST /user-warnings/users/:userId/check-performance"],"duration":0,"failing":false,"failureDetails":[],"failureMessages":[],"fullName":"User warnings controller task batch EP-299 POST /user-warnings/users/:userId/check-performance EP-299 UTC06 validation propagates check performance flags service failures","invocations":1,"location":null,"numPassingAsserts":2,"retryReasons":[],"startAt":1774771626090,"status":"passed","title":"EP-299 UTC06 validation propagates check performance flags service failures"},{"ancestorTitles":["User warnings controller task batch","EP-299 POST /user-warnings/users/:userId/check-performance"],"duration":0,"failing":false,"failureDetails":[],"failureMessages":[],"fullName":"User warnings controller task batch EP-299 POST /user-warnings/users/:userId/check-performance EP-299 UTC07 security confirms checkPerformanceFlags does not require JwtAuthGuard","invocations":1,"location":null,"numPassingAsserts":2,"retryReasons":[],"startAt":1774771626091,"status":"passed","title":"EP-299 UTC07 security confirms checkPerformanceFlags does not require JwtAuthGuard"},{"ancestorTitles":["User warnings controller task batch","EP-299 POST /user-warnings/users/:userId/check-performance"],"duration":0,"failing":false,"failureDetails":[],"failureMessages":[],"fullName":"User warnings controller task batch EP-299 POST /user-warnings/users/:userId/check-performance EP-299 UTC08 security confirms checkPerformanceFlags has no role metadata restriction","invocations":1,"location":null,"numPassingAsserts":2,"retryReasons":[],"startAt":1774771626091,"status":"passed","title":"EP-299 UTC08 security confirms checkPerformanceFlags has no role metadata restriction"},{"ancestorTitles":["User warnings controller task batch","EP-300 POST /user-warnings/expire-old-flags"],"duration":1,"failing":false,"failureDetails":[],"failureMessages":[],"fullName":"User warnings controller task batch EP-300 POST /user-warnings/expire-old-flags EP-300 UTC01 happy path executes expireOldFlags with valid business inputs","invocations":1,"location":null,"numPassingAsserts":3,"retryReasons":[],"startAt":1774771626091,"status":"passed","title":"EP-300 UTC01 happy path executes expireOldFlags with valid business inputs"},{"ancestorTitles":["User warnings controller task batch","EP-300 POST /user-warnings/expire-old-flags"],"duration":0,"failing":false,"failureDetails":[],"failureMessages":[],"fullName":"User warnings controller task batch EP-300 POST /user-warnings/expire-old-flags EP-300 UTC02 edge case accepts alternate input set for boundary coverage","invocations":1,"location":null,"numPassingAsserts":3,"retryReasons":[],"startAt":1774771626092,"status":"passed","title":"EP-300 UTC02 edge case accepts alternate input set for boundary coverage"},{"ancestorTitles":["User warnings controller task batch","EP-300 POST /user-warnings/expire-old-flags"],"duration":1,"failing":false,"failureDetails":[],"failureMessages":[],"fullName":"User warnings controller task batch EP-300 POST /user-warnings/expire-old-flags EP-300 UTC03 edge case accepts secondary input set for optional fields","invocations":1,"location":null,"numPassingAsserts":3,"retryReasons":[],"startAt":1774771626092,"status":"passed","title":"EP-300 UTC03 edge case accepts secondary input set for optional fields"},{"ancestorTitles":["User warnings controller task batch","EP-300 POST /user-warnings/expire-old-flags"],"duration":0,"failing":false,"failureDetails":[],"failureMessages":[],"fullName":"User warnings controller task batch EP-300 POST /user-warnings/expire-old-flags EP-300 UTC04 validation rejects Invalid Expire Old Flags payload","invocations":1,"location":null,"numPassingAsserts":2,"retryReasons":[],"startAt":1774771626093,"status":"passed","title":"EP-300 UTC04 validation rejects Invalid Expire Old Flags payload"},{"ancestorTitles":["User warnings controller task batch","EP-300 POST /user-warnings/expire-old-flags"],"duration":1,"failing":false,"failureDetails":[],"failureMessages":[],"fullName":"User warnings controller task batch EP-300 POST /user-warnings/expire-old-flags EP-300 UTC05 validation returns not found when the target record is missing","invocations":1,"location":null,"numPassingAsserts":2,"retryReasons":[],"startAt":1774771626093,"status":"passed","title":"EP-300 UTC05 validation returns not found when the target record is missing"},{"ancestorTitles":["User warnings controller task batch","EP-300 POST /user-warnings/expire-old-flags"],"duration":0,"failing":false,"failureDetails":[],"failureMessages":[],"fullName":"User warnings controller task batch EP-300 POST /user-warnings/expire-old-flags EP-300 UTC06 validation propagates expire old flags service failures","invocations":1,"location":null,"numPassingAsserts":2,"retryReasons":[],"startAt":1774771626094,"status":"passed","title":"EP-300 UTC06 validation propagates expire old flags service failures"},{"ancestorTitles":["User warnings controller task batch","EP-300 POST /user-warnings/expire-old-flags"],"duration":0,"failing":false,"failureDetails":[],"failureMessages":[],"fullName":"User warnings controller task batch EP-300 POST /user-warnings/expire-old-flags EP-300 UTC07 security confirms expireOldFlags does not require JwtAuthGuard","invocations":1,"location":null,"numPassingAsserts":2,"retryReasons":[],"startAt":1774771626095,"status":"passed","title":"EP-300 UTC07 security confirms expireOldFlags does not require JwtAuthGuard"},{"ancestorTitles":["User warnings controller task batch","EP-300 POST /user-warnings/expire-old-flags"],"duration":0,"failing":false,"failureDetails":[],"failureMessages":[],"fullName":"User warnings controller task batch EP-300 POST /user-warnings/expire-old-flags EP-300 UTC08 security confirms expireOldFlags has no role metadata restriction","invocations":1,"location":null,"numPassingAsserts":2,"retryReasons":[],"startAt":1774771626095,"status":"passed","title":"EP-300 UTC08 security confirms expireOldFlags has no role metadata restriction"}],"endTime":1774771626098,"message":"","name":"D:\\Đồ án\\InterDev\\server\\src\\agent-unit-tests\\controller_task_full_batch_01\\user-warnings.batch.spec.ts","startTime":1774771621414,"status":"passed","summary":""},{"assertionResults":[{"ancestorTitles":["Disputes cluster batch - main controller","EP-053 POST /disputes"],"duration":3,"failing":false,"failureDetails":[],"failureMessages":[],"fullName":"Disputes cluster batch - main controller EP-053 POST /disputes EP-053 UTC01 happy path executes createDisputes with valid business inputs","invocations":1,"location":null,"numPassingAsserts":4,"retryReasons":[],"startAt":1774771627701,"status":"passed","title":"EP-053 UTC01 happy path executes createDisputes with valid business inputs"},{"ancestorTitles":["Disputes cluster batch - main controller","EP-053 POST /disputes"],"duration":1,"failing":false,"failureDetails":[],"failureMessages":[],"fullName":"Disputes cluster batch - main controller EP-053 POST /disputes EP-053 UTC02 edge case accepts alternate input set reason=\"Edge case reason\", note=\"Edge variant one\", accept=false","invocations":1,"location":null,"numPassingAsserts":4,"retryReasons":[],"startAt":1774771627705,"status":"passed","title":"EP-053 UTC02 edge case accepts alternate input set reason=\"Edge case reason\", note=\"Edge variant one\", accept=false"},{"ancestorTitles":["Disputes cluster batch - main controller","EP-053 POST /disputes"],"duration":1,"failing":false,"failureDetails":[],"failureMessages":[],"fullName":"Disputes cluster batch - main controller EP-053 POST /disputes EP-053 UTC03 edge case accepts secondary input set note=\"Edge variant two\", at=\"2026-04-02T11:00:00.000Z\", description=\"Optional description\"","invocations":1,"location":null,"numPassingAsserts":4,"retryReasons":[],"startAt":1774771627706,"status":"passed","title":"EP-053 UTC03 edge case accepts secondary input set note=\"Edge variant two\", at=\"2026-04-02T11:00:00.000Z\", description=\"Optional description\""},{"ancestorTitles":["Disputes cluster batch - main controller","EP-053 POST /disputes"],"duration":50,"failing":false,"failureDetails":[],"failureMessages":[],"fullName":"Disputes cluster batch - main controller EP-053 POST /disputes EP-053 UTC04 validation rejects Invalid request payload","invocations":1,"location":null,"numPassingAsserts":2,"retryReasons":[],"startAt":1774771627708,"status":"passed","title":"EP-053 UTC04 validation rejects Invalid request payload"},{"ancestorTitles":["Disputes cluster batch - main controller","EP-053 POST /disputes"],"duration":2,"failing":false,"failureDetails":[],"failureMessages":[],"fullName":"Disputes cluster batch - main controller EP-053 POST /disputes EP-053 UTC05 validation returns not found when the target record is missing","invocations":1,"location":null,"numPassingAsserts":2,"retryReasons":[],"startAt":1774771627758,"status":"passed","title":"EP-053 UTC05 validation returns not found when the target record is missing"},{"ancestorTitles":["Disputes cluster batch - main controller","EP-053 POST /disputes"],"duration":1,"failing":false,"failureDetails":[],"failureMessages":[],"fullName":"Disputes cluster batch - main controller EP-053 POST /disputes EP-053 UTC06 validation propagates create disputes service failures","invocations":1,"location":null,"numPassingAsserts":2,"retryReasons":[],"startAt":1774771627760,"status":"passed","title":"EP-053 UTC06 validation propagates create disputes service failures"},{"ancestorTitles":["Disputes cluster batch - main controller","EP-053 POST /disputes"],"duration":1,"failing":false,"failureDetails":[],"failureMessages":[],"fullName":"Disputes cluster batch - main controller EP-053 POST /disputes EP-053 UTC07 security declares JwtAuthGuard on createDisputes","invocations":1,"location":null,"numPassingAsserts":2,"retryReasons":[],"startAt":1774771627761,"status":"passed","title":"EP-053 UTC07 security declares JwtAuthGuard on createDisputes"},{"ancestorTitles":["Disputes cluster batch - main controller","EP-053 POST /disputes"],"duration":1,"failing":false,"failureDetails":[],"failureMessages":[],"fullName":"Disputes cluster batch - main controller EP-053 POST /disputes EP-053 UTC08 security forbids BROKER access to createDisputes","invocations":1,"location":null,"numPassingAsserts":2,"retryReasons":[],"startAt":1774771627762,"status":"passed","title":"EP-053 UTC08 security forbids BROKER access to createDisputes"},{"ancestorTitles":["Disputes cluster batch - main controller","EP-054 POST /disputes/group"],"duration":1,"failing":false,"failureDetails":[],"failureMessages":[],"fullName":"Disputes cluster batch - main controller EP-054 POST /disputes/group EP-054 UTC01 happy path executes createDisputeGroup with valid business inputs","invocations":1,"location":null,"numPassingAsserts":4,"retryReasons":[],"startAt":1774771627763,"status":"passed","title":"EP-054 UTC01 happy path executes createDisputeGroup with valid business inputs"},{"ancestorTitles":["Disputes cluster batch - main controller","EP-054 POST /disputes/group"],"duration":1,"failing":false,"failureDetails":[],"failureMessages":[],"fullName":"Disputes cluster batch - main controller EP-054 POST /disputes/group EP-054 UTC02 edge case accepts alternate input set reason=\"Edge case reason\", note=\"Edge variant one\", accept=false","invocations":1,"location":null,"numPassingAsserts":4,"retryReasons":[],"startAt":1774771627764,"status":"passed","title":"EP-054 UTC02 edge case accepts alternate input set reason=\"Edge case reason\", note=\"Edge variant one\", accept=false"},{"ancestorTitles":["Disputes cluster batch - main controller","EP-054 POST /disputes/group"],"duration":0,"failing":false,"failureDetails":[],"failureMessages":[],"fullName":"Disputes cluster batch - main controller EP-054 POST /disputes/group EP-054 UTC03 edge case accepts secondary input set note=\"Edge variant two\", at=\"2026-04-02T11:00:00.000Z\", description=\"Optional description\"","invocations":1,"location":null,"numPassingAsserts":4,"retryReasons":[],"startAt":1774771627765,"status":"passed","title":"EP-054 UTC03 edge case accepts secondary input set note=\"Edge variant two\", at=\"2026-04-02T11:00:00.000Z\", description=\"Optional description\""},{"ancestorTitles":["Disputes cluster batch - main controller","EP-054 POST /disputes/group"],"duration":1,"failing":false,"failureDetails":[],"failureMessages":[],"fullName":"Disputes cluster batch - main controller EP-054 POST /disputes/group EP-054 UTC04 validation rejects Invalid request payload","invocations":1,"location":null,"numPassingAsserts":2,"retryReasons":[],"startAt":1774771627765,"status":"passed","title":"EP-054 UTC04 validation rejects Invalid request payload"},{"ancestorTitles":["Disputes cluster batch - main controller","EP-054 POST /disputes/group"],"duration":1,"failing":false,"failureDetails":[],"failureMessages":[],"fullName":"Disputes cluster batch - main controller EP-054 POST /disputes/group EP-054 UTC05 validation returns not found when the target record is missing","invocations":1,"location":null,"numPassingAsserts":2,"retryReasons":[],"startAt":1774771627766,"status":"passed","title":"EP-054 UTC05 validation returns not found when the target record is missing"},{"ancestorTitles":["Disputes cluster batch - main controller","EP-054 POST /disputes/group"],"duration":1,"failing":false,"failureDetails":[],"failureMessages":[],"fullName":"Disputes cluster batch - main controller EP-054 POST /disputes/group EP-054 UTC06 validation propagates create dispute group service failures","invocations":1,"location":null,"numPassingAsserts":2,"retryReasons":[],"startAt":1774771627767,"status":"passed","title":"EP-054 UTC06 validation propagates create dispute group service failures"},{"ancestorTitles":["Disputes cluster batch - main controller","EP-054 POST /disputes/group"],"duration":0,"failing":false,"failureDetails":[],"failureMessages":[],"fullName":"Disputes cluster batch - main controller EP-054 POST /disputes/group EP-054 UTC07 security declares JwtAuthGuard on createDisputeGroup","invocations":1,"location":null,"numPassingAsserts":2,"retryReasons":[],"startAt":1774771627768,"status":"passed","title":"EP-054 UTC07 security declares JwtAuthGuard on createDisputeGroup"},{"ancestorTitles":["Disputes cluster batch - main controller","EP-054 POST /disputes/group"],"duration":1,"failing":false,"failureDetails":[],"failureMessages":[],"fullName":"Disputes cluster batch - main controller EP-054 POST /disputes/group EP-054 UTC08 security forbids BROKER access to createDisputeGroup","invocations":1,"location":null,"numPassingAsserts":2,"retryReasons":[],"startAt":1774771627768,"status":"passed","title":"EP-054 UTC08 security forbids BROKER access to createDisputeGroup"},{"ancestorTitles":["Disputes cluster batch - main controller","EP-055 GET /disputes"],"duration":1,"failing":false,"failureDetails":[],"failureMessages":[],"fullName":"Disputes cluster batch - main controller EP-055 GET /disputes EP-055 UTC01 happy path executes getListDisputes with valid business inputs","invocations":1,"location":null,"numPassingAsserts":4,"retryReasons":[],"startAt":1774771627770,"status":"passed","title":"EP-055 UTC01 happy path executes getListDisputes with valid business inputs"},{"ancestorTitles":["Disputes cluster batch - main controller","EP-055 GET /disputes"],"duration":1,"failing":false,"failureDetails":[],"failureMessages":[],"fullName":"Disputes cluster batch - main controller EP-055 GET /disputes EP-055 UTC02 edge case accepts alternate input set reason=\"Edge case reason\", note=\"Edge variant one\", accept=false","invocations":1,"location":null,"numPassingAsserts":4,"retryReasons":[],"startAt":1774771627771,"status":"passed","title":"EP-055 UTC02 edge case accepts alternate input set reason=\"Edge case reason\", note=\"Edge variant one\", accept=false"},{"ancestorTitles":["Disputes cluster batch - main controller","EP-055 GET /disputes"],"duration":0,"failing":false,"failureDetails":[],"failureMessages":[],"fullName":"Disputes cluster batch - main controller EP-055 GET /disputes EP-055 UTC03 edge case accepts secondary input set note=\"Edge variant two\", at=\"2026-04-02T11:00:00.000Z\", description=\"Optional description\"","invocations":1,"location":null,"numPassingAsserts":4,"retryReasons":[],"startAt":1774771627772,"status":"passed","title":"EP-055 UTC03 edge case accepts secondary input set note=\"Edge variant two\", at=\"2026-04-02T11:00:00.000Z\", description=\"Optional description\""},{"ancestorTitles":["Disputes cluster batch - main controller","EP-055 GET /disputes"],"duration":1,"failing":false,"failureDetails":[],"failureMessages":[],"fullName":"Disputes cluster batch - main controller EP-055 GET /disputes EP-055 UTC04 validation rejects Invalid request payload","invocations":1,"location":null,"numPassingAsserts":2,"retryReasons":[],"startAt":1774771627772,"status":"passed","title":"EP-055 UTC04 validation rejects Invalid request payload"},{"ancestorTitles":["Disputes cluster batch - main controller","EP-055 GET /disputes"],"duration":1,"failing":false,"failureDetails":[],"failureMessages":[],"fullName":"Disputes cluster batch - main controller EP-055 GET /disputes EP-055 UTC05 validation returns not found when the target record is missing","invocations":1,"location":null,"numPassingAsserts":2,"retryReasons":[],"startAt":1774771627773,"status":"passed","title":"EP-055 UTC05 validation returns not found when the target record is missing"},{"ancestorTitles":["Disputes cluster batch - main controller","EP-055 GET /disputes"],"duration":1,"failing":false,"failureDetails":[],"failureMessages":[],"fullName":"Disputes cluster batch - main controller EP-055 GET /disputes EP-055 UTC06 validation propagates get list disputes service failures","invocations":1,"location":null,"numPassingAsserts":2,"retryReasons":[],"startAt":1774771627774,"status":"passed","title":"EP-055 UTC06 validation propagates get list disputes service failures"},{"ancestorTitles":["Disputes cluster batch - main controller","EP-055 GET /disputes"],"duration":0,"failing":false,"failureDetails":[],"failureMessages":[],"fullName":"Disputes cluster batch - main controller EP-055 GET /disputes EP-055 UTC07 security declares JwtAuthGuard on getListDisputes","invocations":1,"location":null,"numPassingAsserts":2,"retryReasons":[],"startAt":1774771627775,"status":"passed","title":"EP-055 UTC07 security declares JwtAuthGuard on getListDisputes"},{"ancestorTitles":["Disputes cluster batch - main controller","EP-055 GET /disputes"],"duration":1,"failing":false,"failureDetails":[],"failureMessages":[],"fullName":"Disputes cluster batch - main controller EP-055 GET /disputes EP-055 UTC08 security restricts getListDisputes to ADMIN, STAFF role metadata","invocations":1,"location":null,"numPassingAsserts":3,"retryReasons":[],"startAt":1774771627775,"status":"passed","title":"EP-055 UTC08 security restricts getListDisputes to ADMIN, STAFF role metadata"},{"ancestorTitles":["Disputes cluster batch - main controller","EP-056 GET /disputes/my"],"duration":0,"failing":false,"failureDetails":[],"failureMessages":[],"fullName":"Disputes cluster batch - main controller EP-056 GET /disputes/my EP-056 UTC01 happy path executes getMyDisputes with valid business inputs","invocations":1,"location":null,"numPassingAsserts":4,"retryReasons":[],"startAt":1774771627776,"status":"passed","title":"EP-056 UTC01 happy path executes getMyDisputes with valid business inputs"},{"ancestorTitles":["Disputes cluster batch - main controller","EP-056 GET /disputes/my"],"duration":2,"failing":false,"failureDetails":[],"failureMessages":[],"fullName":"Disputes cluster batch - main controller EP-056 GET /disputes/my EP-056 UTC02 edge case accepts alternate input set reason=\"Edge case reason\", note=\"Edge variant one\", accept=false","invocations":1,"location":null,"numPassingAsserts":4,"retryReasons":[],"startAt":1774771627776,"status":"passed","title":"EP-056 UTC02 edge case accepts alternate input set reason=\"Edge case reason\", note=\"Edge variant one\", accept=false"},{"ancestorTitles":["Disputes cluster batch - main controller","EP-056 GET /disputes/my"],"duration":1,"failing":false,"failureDetails":[],"failureMessages":[],"fullName":"Disputes cluster batch - main controller EP-056 GET /disputes/my EP-056 UTC03 edge case accepts secondary input set note=\"Edge variant two\", at=\"2026-04-02T11:00:00.000Z\", description=\"Optional description\"","invocations":1,"location":null,"numPassingAsserts":4,"retryReasons":[],"startAt":1774771627778,"status":"passed","title":"EP-056 UTC03 edge case accepts secondary input set note=\"Edge variant two\", at=\"2026-04-02T11:00:00.000Z\", description=\"Optional description\""},{"ancestorTitles":["Disputes cluster batch - main controller","EP-056 GET /disputes/my"],"duration":1,"failing":false,"failureDetails":[],"failureMessages":[],"fullName":"Disputes cluster batch - main controller EP-056 GET /disputes/my EP-056 UTC04 validation rejects Invalid request payload","invocations":1,"location":null,"numPassingAsserts":2,"retryReasons":[],"startAt":1774771627779,"status":"passed","title":"EP-056 UTC04 validation rejects Invalid request payload"},{"ancestorTitles":["Disputes cluster batch - main controller","EP-056 GET /disputes/my"],"duration":0,"failing":false,"failureDetails":[],"failureMessages":[],"fullName":"Disputes cluster batch - main controller EP-056 GET /disputes/my EP-056 UTC05 validation returns not found when the target record is missing","invocations":1,"location":null,"numPassingAsserts":2,"retryReasons":[],"startAt":1774771627780,"status":"passed","title":"EP-056 UTC05 validation returns not found when the target record is missing"},{"ancestorTitles":["Disputes cluster batch - main controller","EP-056 GET /disputes/my"],"duration":0,"failing":false,"failureDetails":[],"failureMessages":[],"fullName":"Disputes cluster batch - main controller EP-056 GET /disputes/my EP-056 UTC06 validation propagates get my disputes service failures","invocations":1,"location":null,"numPassingAsserts":2,"retryReasons":[],"startAt":1774771627781,"status":"passed","title":"EP-056 UTC06 validation propagates get my disputes service failures"},{"ancestorTitles":["Disputes cluster batch - main controller","EP-056 GET /disputes/my"],"duration":1,"failing":false,"failureDetails":[],"failureMessages":[],"fullName":"Disputes cluster batch - main controller EP-056 GET /disputes/my EP-056 UTC07 security declares JwtAuthGuard on getMyDisputes","invocations":1,"location":null,"numPassingAsserts":2,"retryReasons":[],"startAt":1774771627781,"status":"passed","title":"EP-056 UTC07 security declares JwtAuthGuard on getMyDisputes"},{"ancestorTitles":["Disputes cluster batch - main controller","EP-056 GET /disputes/my"],"duration":0,"failing":false,"failureDetails":[],"failureMessages":[],"fullName":"Disputes cluster batch - main controller EP-056 GET /disputes/my EP-056 UTC08 security forbids BROKER access to getMyDisputes","invocations":1,"location":null,"numPassingAsserts":2,"retryReasons":[],"startAt":1774771627782,"status":"passed","title":"EP-056 UTC08 security forbids BROKER access to getMyDisputes"},{"ancestorTitles":["Disputes cluster batch - main controller","EP-057 GET /disputes/stats"],"duration":1,"failing":false,"failureDetails":[],"failureMessages":[],"fullName":"Disputes cluster batch - main controller EP-057 GET /disputes/stats EP-057 UTC01 happy path executes getDisputeStats with valid business inputs","invocations":1,"location":null,"numPassingAsserts":4,"retryReasons":[],"startAt":1774771627782,"status":"passed","title":"EP-057 UTC01 happy path executes getDisputeStats with valid business inputs"},{"ancestorTitles":["Disputes cluster batch - main controller","EP-057 GET /disputes/stats"],"duration":0,"failing":false,"failureDetails":[],"failureMessages":[],"fullName":"Disputes cluster batch - main controller EP-057 GET /disputes/stats EP-057 UTC02 edge case accepts alternate input set reason=\"Edge case reason\", note=\"Edge variant one\", accept=false","invocations":1,"location":null,"numPassingAsserts":4,"retryReasons":[],"startAt":1774771627783,"status":"passed","title":"EP-057 UTC02 edge case accepts alternate input set reason=\"Edge case reason\", note=\"Edge variant one\", accept=false"},{"ancestorTitles":["Disputes cluster batch - main controller","EP-057 GET /disputes/stats"],"duration":0,"failing":false,"failureDetails":[],"failureMessages":[],"fullName":"Disputes cluster batch - main controller EP-057 GET /disputes/stats EP-057 UTC03 edge case accepts secondary input set note=\"Edge variant two\", at=\"2026-04-02T11:00:00.000Z\", description=\"Optional description\"","invocations":1,"location":null,"numPassingAsserts":4,"retryReasons":[],"startAt":1774771627784,"status":"passed","title":"EP-057 UTC03 edge case accepts secondary input set note=\"Edge variant two\", at=\"2026-04-02T11:00:00.000Z\", description=\"Optional description\""},{"ancestorTitles":["Disputes cluster batch - main controller","EP-057 GET /disputes/stats"],"duration":1,"failing":false,"failureDetails":[],"failureMessages":[],"fullName":"Disputes cluster batch - main controller EP-057 GET /disputes/stats EP-057 UTC04 validation rejects Invalid request payload","invocations":1,"location":null,"numPassingAsserts":2,"retryReasons":[],"startAt":1774771627784,"status":"passed","title":"EP-057 UTC04 validation rejects Invalid request payload"},{"ancestorTitles":["Disputes cluster batch - main controller","EP-057 GET /disputes/stats"],"duration":0,"failing":false,"failureDetails":[],"failureMessages":[],"fullName":"Disputes cluster batch - main controller EP-057 GET /disputes/stats EP-057 UTC05 validation returns not found when the target record is missing","invocations":1,"location":null,"numPassingAsserts":2,"retryReasons":[],"startAt":1774771627785,"status":"passed","title":"EP-057 UTC05 validation returns not found when the target record is missing"},{"ancestorTitles":["Disputes cluster batch - main controller","EP-057 GET /disputes/stats"],"duration":1,"failing":false,"failureDetails":[],"failureMessages":[],"fullName":"Disputes cluster batch - main controller EP-057 GET /disputes/stats EP-057 UTC06 validation propagates get dispute stats service failures","invocations":1,"location":null,"numPassingAsserts":2,"retryReasons":[],"startAt":1774771627785,"status":"passed","title":"EP-057 UTC06 validation propagates get dispute stats service failures"},{"ancestorTitles":["Disputes cluster batch - main controller","EP-057 GET /disputes/stats"],"duration":0,"failing":false,"failureDetails":[],"failureMessages":[],"fullName":"Disputes cluster batch - main controller EP-057 GET /disputes/stats EP-057 UTC07 security declares JwtAuthGuard on getDisputeStats","invocations":1,"location":null,"numPassingAsserts":2,"retryReasons":[],"startAt":1774771627786,"status":"passed","title":"EP-057 UTC07 security declares JwtAuthGuard on getDisputeStats"},{"ancestorTitles":["Disputes cluster batch - main controller","EP-057 GET /disputes/stats"],"duration":0,"failing":false,"failureDetails":[],"failureMessages":[],"fullName":"Disputes cluster batch - main controller EP-057 GET /disputes/stats EP-057 UTC08 security restricts getDisputeStats to ADMIN, STAFF role metadata","invocations":1,"location":null,"numPassingAsserts":3,"retryReasons":[],"startAt":1774771627786,"status":"passed","title":"EP-057 UTC08 security restricts getDisputeStats to ADMIN, STAFF role metadata"},{"ancestorTitles":["Disputes cluster batch - main controller","EP-058 GET /disputes/queue/count"],"duration":0,"failing":false,"failureDetails":[],"failureMessages":[],"fullName":"Disputes cluster batch - main controller EP-058 GET /disputes/queue/count EP-058 UTC01 happy path executes getQueueCount with valid business inputs","invocations":1,"location":null,"numPassingAsserts":4,"retryReasons":[],"startAt":1774771627787,"status":"passed","title":"EP-058 UTC01 happy path executes getQueueCount with valid business inputs"},{"ancestorTitles":["Disputes cluster batch - main controller","EP-058 GET /disputes/queue/count"],"duration":1,"failing":false,"failureDetails":[],"failureMessages":[],"fullName":"Disputes cluster batch - main controller EP-058 GET /disputes/queue/count EP-058 UTC02 edge case accepts alternate input set reason=\"Edge case reason\", note=\"Edge variant one\", accept=false","invocations":1,"location":null,"numPassingAsserts":4,"retryReasons":[],"startAt":1774771627787,"status":"passed","title":"EP-058 UTC02 edge case accepts alternate input set reason=\"Edge case reason\", note=\"Edge variant one\", accept=false"},{"ancestorTitles":["Disputes cluster batch - main controller","EP-058 GET /disputes/queue/count"],"duration":0,"failing":false,"failureDetails":[],"failureMessages":[],"fullName":"Disputes cluster batch - main controller EP-058 GET /disputes/queue/count EP-058 UTC03 edge case accepts secondary input set note=\"Edge variant two\", at=\"2026-04-02T11:00:00.000Z\", description=\"Optional description\"","invocations":1,"location":null,"numPassingAsserts":4,"retryReasons":[],"startAt":1774771627788,"status":"passed","title":"EP-058 UTC03 edge case accepts secondary input set note=\"Edge variant two\", at=\"2026-04-02T11:00:00.000Z\", description=\"Optional description\""},{"ancestorTitles":["Disputes cluster batch - main controller","EP-058 GET /disputes/queue/count"],"duration":1,"failing":false,"failureDetails":[],"failureMessages":[],"fullName":"Disputes cluster batch - main controller EP-058 GET /disputes/queue/count EP-058 UTC04 validation rejects Invalid request payload","invocations":1,"location":null,"numPassingAsserts":2,"retryReasons":[],"startAt":1774771627788,"status":"passed","title":"EP-058 UTC04 validation rejects Invalid request payload"},{"ancestorTitles":["Disputes cluster batch - main controller","EP-058 GET /disputes/queue/count"],"duration":0,"failing":false,"failureDetails":[],"failureMessages":[],"fullName":"Disputes cluster batch - main controller EP-058 GET /disputes/queue/count EP-058 UTC05 validation returns not found when the target record is missing","invocations":1,"location":null,"numPassingAsserts":2,"retryReasons":[],"startAt":1774771627789,"status":"passed","title":"EP-058 UTC05 validation returns not found when the target record is missing"},{"ancestorTitles":["Disputes cluster batch - main controller","EP-058 GET /disputes/queue/count"],"duration":1,"failing":false,"failureDetails":[],"failureMessages":[],"fullName":"Disputes cluster batch - main controller EP-058 GET /disputes/queue/count EP-058 UTC06 validation propagates get queue count service failures","invocations":1,"location":null,"numPassingAsserts":2,"retryReasons":[],"startAt":1774771627789,"status":"passed","title":"EP-058 UTC06 validation propagates get queue count service failures"},{"ancestorTitles":["Disputes cluster batch - main controller","EP-058 GET /disputes/queue/count"],"duration":0,"failing":false,"failureDetails":[],"failureMessages":[],"fullName":"Disputes cluster batch - main controller EP-058 GET /disputes/queue/count EP-058 UTC07 security declares JwtAuthGuard on getQueueCount","invocations":1,"location":null,"numPassingAsserts":2,"retryReasons":[],"startAt":1774771627790,"status":"passed","title":"EP-058 UTC07 security declares JwtAuthGuard on getQueueCount"},{"ancestorTitles":["Disputes cluster batch - main controller","EP-058 GET /disputes/queue/count"],"duration":0,"failing":false,"failureDetails":[],"failureMessages":[],"fullName":"Disputes cluster batch - main controller EP-058 GET /disputes/queue/count EP-058 UTC08 security restricts getQueueCount to ADMIN, STAFF role me
[...]
:[],"startAt":1774771641348,"status":"passed","title":"EP-037 UTC06 validation rejects participant ids that belong to another event"},{"ancestorTitles":["Calendar reschedule module cluster","EP-037 respondInvite"],"duration":0,"failing":false,"failureDetails":[],"failureMessages":[],"fullName":"Calendar reschedule module cluster EP-037 respondInvite EP-037 UTC07 security declares JwtAuthGuard on respondInvite","invocations":1,"location":null,"numPassingAsserts":2,"retryReasons":[],"startAt":1774771641349,"status":"passed","title":"EP-037 UTC07 security declares JwtAuthGuard on respondInvite"},{"ancestorTitles":["Calendar reschedule module cluster","EP-037 respondInvite"],"duration":4,"failing":false,"failureDetails":[],"failureMessages":[],"fullName":"Calendar reschedule module cluster EP-037 respondInvite EP-037 UTC08 security blocks another participant from responding without elevated role","invocations":1,"location":null,"numPassingAsserts":2,"retryReasons":[],"startAt":1774771641349,"status":"passed","title":"EP-037 UTC08 security blocks another participant from responding without elevated role"}],"endTime":1774771641355,"message":"","name":"D:\\Đồ án\\InterDev\\server\\src\\agent-unit-tests\\controller_task_full_batch_01\\calendar.batch.spec.ts","startTime":1774771640231,"status":"passed","summary":""},{"assertionResults":[{"ancestorTitles":["Audit Logs module cluster","EP-004 findAll"],"duration":2,"failing":false,"failureDetails":[],"failureMessages":[],"fullName":"Audit Logs module cluster EP-004 findAll EP-004 UTC01 happy path passes transformed query values to findAll","invocations":1,"location":null,"numPassingAsserts":3,"retryReasons":[],"startAt":1774771642184,"status":"passed","title":"EP-004 UTC01 happy path passes transformed query values to findAll"},{"ancestorTitles":["Audit Logs module cluster","EP-004 findAll"],"duration":1,"failing":false,"failureDetails":[],"failureMessages":[],"fullName":"Audit Logs module cluster EP-004 findAll EP-004 UTC02 edge case keeps DTO default page and limit values when filters are omitted","invocations":1,"location":null,"numPassingAsserts":3,"retryReasons":[],"startAt":1774771642187,"status":"passed","title":"EP-004 UTC02 edge case keeps DTO default page and limit values when filters are omitted"},{"ancestorTitles":["Audit Logs module cluster","EP-004 findAll"],"duration":1,"failing":false,"failureDetails":[],"failureMessages":[],"fullName":"Audit Logs module cluster EP-004 findAll EP-004 UTC03 edge case preserves valid low-bound limit and statusCode inputs","invocations":1,"location":null,"numPassingAsserts":2,"retryReasons":[],"startAt":1774771642188,"status":"passed","title":"EP-004 UTC03 edge case preserves valid low-bound limit and statusCode inputs"},{"ancestorTitles":["Audit Logs module cluster","EP-004 findAll"],"duration":3,"failing":false,"failureDetails":[],"failureMessages":[],"fullName":"Audit Logs module cluster EP-004 findAll EP-004 UTC04 validation rejects page values below 1 in GetAuditLogsDto","invocations":1,"location":null,"numPassingAsserts":2,"retryReasons":[],"startAt":1774771642189,"status":"passed","title":"EP-004 UTC04 validation rejects page values below 1 in GetAuditLogsDto"},{"ancestorTitles":["Audit Logs module cluster","EP-004 findAll"],"duration":1,"failing":false,"failureDetails":[],"failureMessages":[],"fullName":"Audit Logs module cluster EP-004 findAll EP-004 UTC05 validation rejects unsupported riskLevel values in GetAuditLogsDto","invocations":1,"location":null,"numPassingAsserts":2,"retryReasons":[],"startAt":1774771642192,"status":"passed","title":"EP-004 UTC05 validation rejects unsupported riskLevel values in GetAuditLogsDto"},{"ancestorTitles":["Audit Logs module cluster","EP-004 findAll"],"duration":1,"failing":false,"failureDetails":[],"failureMessages":[],"fullName":"Audit Logs module cluster EP-004 findAll EP-004 UTC06 validation rejects unsupported source values in GetAuditLogsDto","invocations":1,"location":null,"numPassingAsserts":2,"retryReasons":[],"startAt":1774771642193,"status":"passed","title":"EP-004 UTC06 validation rejects unsupported source values in GetAuditLogsDto"},{"ancestorTitles":["Audit Logs module cluster","EP-004 findAll"],"duration":0,"failing":false,"failureDetails":[],"failureMessages":[],"fullName":"Audit Logs module cluster EP-004 findAll EP-004 UTC07 security declares JwtAuthGuard on findAll","invocations":1,"location":null,"numPassingAsserts":2,"retryReasons":[],"startAt":1774771642194,"status":"passed","title":"EP-004 UTC07 security declares JwtAuthGuard on findAll"},{"ancestorTitles":["Audit Logs module cluster","EP-004 findAll"],"duration":0,"failing":false,"failureDetails":[],"failureMessages":[],"fullName":"Audit Logs module cluster EP-004 findAll EP-004 UTC08 security restricts findAll to ADMIN role metadata","invocations":1,"location":null,"numPassingAsserts":3,"retryReasons":[],"startAt":1774771642195,"status":"passed","title":"EP-004 UTC08 security restricts findAll to ADMIN role metadata"},{"ancestorTitles":["Audit Logs module cluster","EP-005 export"],"duration":1,"failing":false,"failureDetails":[],"failureMessages":[],"fullName":"Audit Logs module cluster EP-005 export EP-005 UTC01 happy path exports JSON by default and writes the export audit log","invocations":1,"location":null,"numPassingAsserts":6,"retryReasons":[],"startAt":1774771642196,"status":"passed","title":"EP-005 UTC01 happy path exports JSON by default and writes the export audit log"},{"ancestorTitles":["Audit Logs module cluster","EP-005 export"],"duration":1,"failing":false,"failureDetails":[],"failureMessages":[],"fullName":"Audit Logs module cluster EP-005 export EP-005 UTC02 edge case exports CSV with the expected attachment headers","invocations":1,"location":null,"numPassingAsserts":4,"retryReasons":[],"startAt":1774771642197,"status":"passed","title":"EP-005 UTC02 edge case exports CSV with the expected attachment headers"},{"ancestorTitles":["Audit Logs module cluster","EP-005 export"],"duration":5,"failing":false,"failureDetails":[],"failureMessages":[],"fullName":"Audit Logs module cluster EP-005 export EP-005 UTC03 edge case exports XLSX with the expected attachment headers","invocations":1,"location":null,"numPassingAsserts":3,"retryReasons":[],"startAt":1774771642198,"status":"passed","title":"EP-005 UTC03 edge case exports XLSX with the expected attachment headers"},{"ancestorTitles":["Audit Logs module cluster","EP-005 export"],"duration":1,"failing":false,"failureDetails":[],"failureMessages":[],"fullName":"Audit Logs module cluster EP-005 export EP-005 UTC04 validation rejects unsupported export format values in GetAuditLogsDto","invocations":1,"location":null,"numPassingAsserts":2,"retryReasons":[],"startAt":1774771642203,"status":"passed","title":"EP-005 UTC04 validation rejects unsupported export format values in GetAuditLogsDto"},{"ancestorTitles":["Audit Logs module cluster","EP-005 export"],"duration":0,"failing":false,"failureDetails":[],"failureMessages":[],"fullName":"Audit Logs module cluster EP-005 export EP-005 UTC05 validation rejects pagination limit values below 1 in GetAuditLogsDto","invocations":1,"location":null,"numPassingAsserts":2,"retryReasons":[],"startAt":1774771642205,"status":"passed","title":"EP-005 UTC05 validation rejects pagination limit values below 1 in GetAuditLogsDto"},{"ancestorTitles":["Audit Logs module cluster","EP-005 export"],"duration":11,"failing":false,"failureDetails":[],"failureMessages":[],"fullName":"Audit Logs module cluster EP-005 export EP-005 UTC06 validation bubbles up export service failures without sending a partial response","invocations":1,"location":null,"numPassingAsserts":4,"retryReasons":[],"startAt":1774771642206,"status":"passed","title":"EP-005 UTC06 validation bubbles up export service failures without sending a partial response"},{"ancestorTitles":["Audit Logs module cluster","EP-005 export"],"duration":1,"failing":false,"failureDetails":[],"failureMessages":[],"fullName":"Audit Logs module cluster EP-005 export EP-005 UTC07 security declares JwtAuthGuard on export","invocations":1,"location":null,"numPassingAsserts":2,"retryReasons":[],"startAt":1774771642217,"status":"passed","title":"EP-005 UTC07 security declares JwtAuthGuard on export"},{"ancestorTitles":["Audit Logs module cluster","EP-005 export"],"duration":1,"failing":false,"failureDetails":[],"failureMessages":[],"fullName":"Audit Logs module cluster EP-005 export EP-005 UTC08 security restricts export to ADMIN role metadata","invocations":1,"location":null,"numPassingAsserts":3,"retryReasons":[],"startAt":1774771642218,"status":"passed","title":"EP-005 UTC08 security restricts export to ADMIN role metadata"},{"ancestorTitles":["Audit Logs module cluster","EP-007 getTimeline"],"duration":0,"failing":false,"failureDetails":[],"failureMessages":[],"fullName":"Audit Logs module cluster EP-007 getTimeline EP-007 UTC01 happy path returns the correlated timeline for an audit log id","invocations":1,"location":null,"numPassingAsserts":3,"retryReasons":[],"startAt":1774771642219,"status":"passed","title":"EP-007 UTC01 happy path returns the correlated timeline for an audit log id"},{"ancestorTitles":["Audit Logs module cluster","EP-007 getTimeline"],"duration":0,"failing":false,"failureDetails":[],"failureMessages":[],"fullName":"Audit Logs module cluster EP-007 getTimeline EP-007 UTC02 edge case returns a single-entry request correlation timeline","invocations":1,"location":null,"numPassingAsserts":2,"retryReasons":[],"startAt":1774771642220,"status":"passed","title":"EP-007 UTC02 edge case returns a single-entry request correlation timeline"},{"ancestorTitles":["Audit Logs module cluster","EP-007 getTimeline"],"duration":1,"failing":false,"failureDetails":[],"failureMessages":[],"fullName":"Audit Logs module cluster EP-007 getTimeline EP-007 UTC03 edge case returns an actor-scoped timeline when requestId is absent","invocations":1,"location":null,"numPassingAsserts":2,"retryReasons":[],"startAt":1774771642220,"status":"passed","title":"EP-007 UTC03 edge case returns an actor-scoped timeline when requestId is absent"},{"ancestorTitles":["Audit Logs module cluster","EP-007 getTimeline"],"duration":1,"failing":false,"failureDetails":[],"failureMessages":[],"fullName":"Audit Logs module cluster EP-007 getTimeline EP-007 UTC04 validation propagates the audit-log not-found business exception","invocations":1,"location":null,"numPassingAsserts":2,"retryReasons":[],"startAt":1774771642221,"status":"passed","title":"EP-007 UTC04 validation propagates the audit-log not-found business exception"},{"ancestorTitles":["Audit Logs module cluster","EP-007 getTimeline"],"duration":1,"failing":false,"failureDetails":[],"failureMessages":[],"fullName":"Audit Logs module cluster EP-007 getTimeline EP-007 UTC05 validation propagates malformed timeline identifier errors","invocations":1,"location":null,"numPassingAsserts":2,"retryReasons":[],"startAt":1774771642222,"status":"passed","title":"EP-007 UTC05 validation propagates malformed timeline identifier errors"},{"ancestorTitles":["Audit Logs module cluster","EP-007 getTimeline"],"duration":1,"failing":false,"failureDetails":[],"failureMessages":[],"fullName":"Audit Logs module cluster EP-007 getTimeline EP-007 UTC06 validation bubbles up unexpected timeline repository failures","invocations":1,"location":null,"numPassingAsserts":2,"retryReasons":[],"startAt":1774771642223,"status":"passed","title":"EP-007 UTC06 validation bubbles up unexpected timeline repository failures"},{"ancestorTitles":["Audit Logs module cluster","EP-007 getTimeline"],"duration":1,"failing":false,"failureDetails":[],"failureMessages":[],"fullName":"Audit Logs module cluster EP-007 getTimeline EP-007 UTC07 security declares JwtAuthGuard on getTimeline","invocations":1,"location":null,"numPassingAsserts":2,"retryReasons":[],"startAt":1774771642224,"status":"passed","title":"EP-007 UTC07 security declares JwtAuthGuard on getTimeline"},{"ancestorTitles":["Audit Logs module cluster","EP-007 getTimeline"],"duration":0,"failing":false,"failureDetails":[],"failureMessages":[],"fullName":"Audit Logs module cluster EP-007 getTimeline EP-007 UTC08 security restricts getTimeline to ADMIN role metadata","invocations":1,"location":null,"numPassingAsserts":3,"retryReasons":[],"startAt":1774771642225,"status":"passed","title":"EP-007 UTC08 security restricts getTimeline to ADMIN role metadata"},{"ancestorTitles":["Audit Logs module cluster","EP-008 findOne"],"duration":0,"failing":false,"failureDetails":[],"failureMessages":[],"fullName":"Audit Logs module cluster EP-008 findOne EP-008 UTC01 happy path returns a detailed audit log view for the input id","invocations":1,"location":null,"numPassingAsserts":3,"retryReasons":[],"startAt":1774771642226,"status":"passed","title":"EP-008 UTC01 happy path returns a detailed audit log view for the input id"},{"ancestorTitles":["Audit Logs module cluster","EP-008 findOne"],"duration":1,"failing":false,"failureDetails":[],"failureMessages":[],"fullName":"Audit Logs module cluster EP-008 findOne EP-008 UTC02 edge case returns a detail payload with high-risk metadata","invocations":1,"location":null,"numPassingAsserts":2,"retryReasons":[],"startAt":1774771642226,"status":"passed","title":"EP-008 UTC02 edge case returns a detail payload with high-risk metadata"},{"ancestorTitles":["Audit Logs module cluster","EP-008 findOne"],"duration":0,"failing":false,"failureDetails":[],"failureMessages":[],"fullName":"Audit Logs module cluster EP-008 findOne EP-008 UTC03 edge case returns a detail payload for anonymous actors","invocations":1,"location":null,"numPassingAsserts":2,"retryReasons":[],"startAt":1774771642227,"status":"passed","title":"EP-008 UTC03 edge case returns a detail payload for anonymous actors"},{"ancestorTitles":["Audit Logs module cluster","EP-008 findOne"],"duration":1,"failing":false,"failureDetails":[],"failureMessages":[],"fullName":"Audit Logs module cluster EP-008 findOne EP-008 UTC04 validation propagates the missing-detail business exception","invocations":1,"location":null,"numPassingAsserts":2,"retryReasons":[],"startAt":1774771642227,"status":"passed","title":"EP-008 UTC04 validation propagates the missing-detail business exception"},{"ancestorTitles":["Audit Logs module cluster","EP-008 findOne"],"duration":1,"failing":false,"failureDetails":[],"failureMessages":[],"fullName":"Audit Logs module cluster EP-008 findOne EP-008 UTC05 validation propagates malformed detail identifier errors","invocations":1,"location":null,"numPassingAsserts":2,"retryReasons":[],"startAt":1774771642228,"status":"passed","title":"EP-008 UTC05 validation propagates malformed detail identifier errors"},{"ancestorTitles":["Audit Logs module cluster","EP-008 findOne"],"duration":1,"failing":false,"failureDetails":[],"failureMessages":[],"fullName":"Audit Logs module cluster EP-008 findOne EP-008 UTC06 validation bubbles up unexpected detail query failures","invocations":1,"location":null,"numPassingAsserts":2,"retryReasons":[],"startAt":1774771642229,"status":"passed","title":"EP-008 UTC06 validation bubbles up unexpected detail query failures"},{"ancestorTitles":["Audit Logs module cluster","EP-008 findOne"],"duration":0,"failing":false,"failureDetails":[],"failureMessages":[],"fullName":"Audit Logs module cluster EP-008 findOne EP-008 UTC07 security declares JwtAuthGuard on findOne","invocations":1,"location":null,"numPassingAsserts":2,"retryReasons":[],"startAt":1774771642230,"status":"passed","title":"EP-008 UTC07 security declares JwtAuthGuard on findOne"},{"ancestorTitles":["Audit Logs module cluster","EP-008 findOne"],"duration":1,"failing":false,"failureDetails":[],"failureMessages":[],"fullName":"Audit Logs module cluster EP-008 findOne EP-008 UTC08 security restricts findOne to ADMIN role metadata","invocations":1,"location":null,"numPassingAsserts":3,"retryReasons":[],"startAt":1774771642230,"status":"passed","title":"EP-008 UTC08 security restricts findOne to ADMIN role metadata"}],"endTime":1774771642232,"message":"","name":"D:\\Đồ án\\InterDev\\server\\src\\agent-unit-tests\\controller_task_full_batch_01\\audit-logs.batch.spec.ts","startTime":1774771641367,"status":"passed","summary":""},{"assertionResults":[{"ancestorTitles":["Admin Dashboard module cluster"],"duration":3,"failing":false,"failureDetails":[],"failureMessages":[],"fullName":"Admin Dashboard module cluster EP-003 UTC01 happy path returns overview for a valid range input","invocations":1,"location":null,"numPassingAsserts":3,"retryReasons":[],"startAt":1774771642953,"status":"passed","title":"EP-003 UTC01 happy path returns overview for a valid range input"},{"ancestorTitles":["Admin Dashboard module cluster"],"duration":1,"failing":false,"failureDetails":[],"failureMessages":[],"fullName":"Admin Dashboard module cluster EP-003 UTC02 edge case defaults the range input to 30d when it is omitted","invocations":1,"location":null,"numPassingAsserts":3,"retryReasons":[],"startAt":1774771642956,"status":"passed","title":"EP-003 UTC02 edge case defaults the range input to 30d when it is omitted"},{"ancestorTitles":["Admin Dashboard module cluster"],"duration":5,"failing":false,"failureDetails":[],"failureMessages":[],"fullName":"Admin Dashboard module cluster EP-003 UTC03 edge case normalizes an unsupported range input to 30d","invocations":1,"location":null,"numPassingAsserts":3,"retryReasons":[],"startAt":1774771642957,"status":"passed","title":"EP-003 UTC03 edge case normalizes an unsupported range input to 30d"},{"ancestorTitles":["Admin Dashboard module cluster"],"duration":6,"failing":false,"failureDetails":[],"failureMessages":[],"fullName":"Admin Dashboard module cluster EP-003 UTC04 validation propagates the business exception for an unsupported range","invocations":1,"location":null,"numPassingAsserts":2,"retryReasons":[],"startAt":1774771642962,"status":"passed","title":"EP-003 UTC04 validation propagates the business exception for an unsupported range"},{"ancestorTitles":["Admin Dashboard module cluster"],"duration":1,"failing":false,"failureDetails":[],"failureMessages":[],"fullName":"Admin Dashboard module cluster EP-003 UTC05 validation propagates a temporary analytics outage","invocations":1,"location":null,"numPassingAsserts":2,"retryReasons":[],"startAt":1774771642968,"status":"passed","title":"EP-003 UTC05 validation propagates a temporary analytics outage"},{"ancestorTitles":["Admin Dashboard module cluster"],"duration":2,"failing":false,"failureDetails":[],"failureMessages":[],"fullName":"Admin Dashboard module cluster EP-003 UTC06 validation bubbles up unexpected repository failures","invocations":1,"location":null,"numPassingAsserts":2,"retryReasons":[],"startAt":1774771642969,"status":"passed","title":"EP-003 UTC06 validation bubbles up unexpected repository failures"},{"ancestorTitles":["Admin Dashboard module cluster"],"duration":1,"failing":false,"failureDetails":[],"failureMessages":[],"fullName":"Admin Dashboard module cluster EP-003 UTC07 security declares JwtAuthGuard on the overview method","invocations":1,"location":null,"numPassingAsserts":2,"retryReasons":[],"startAt":1774771642971,"status":"passed","title":"EP-003 UTC07 security declares JwtAuthGuard on the overview method"},{"ancestorTitles":["Admin Dashboard module cluster"],"duration":1,"failing":false,"failureDetails":[],"failureMessages":[],"fullName":"Admin Dashboard module cluster EP-003 UTC08 security restricts the overview method to ADMIN role metadata","invocations":1,"location":null,"numPassingAsserts":3,"retryReasons":[],"startAt":1774771642972,"status":"passed","title":"EP-003 UTC08 security restricts the overview method to ADMIN role metadata"}],"endTime":1774771642974,"message":"","name":"D:\\Đồ án\\InterDev\\server\\src\\agent-unit-tests\\controller_task_full_batch_01\\admin-dashboard.batch.spec.ts","startTime":1774771642246,"status":"passed","summary":""}],"wasInterrupted":false}
